5.8993 	WARNING 	User requested fullscreen with size [1536  864], but screen is actually [1920, 1080]. Using actual size
6.9443 	EXP 	Created window1 = Window(allowGUI=False, allowStencil=False, args=UNKNOWN, autoLog=True, bitsMode=UNKNOWN, blendMode='avg', color=array([0., 0., 0.]), colorSpace='rgb', fullscr=<method-wrapper '__getattribute__' of attributeSetter object at 0x00000290D8AF7C50>, gamma=None, gammaErrorPolicy='raise', kwargs=UNKNOWN, lms=UNKNOWN, monitor=<psychopy.monitors.calibTools.Monitor object at 0x00000290D8A80F28>, multiSample=False, name='window1', numSamples=2, pos=[0.0, 0.0], screen=-1, size=array([1920, 1080]), stereo=False, units='height', useFBO=True, useRetina=False, viewOri=0.0, viewPos=None, viewScale=None, waitBlanking=True, winType='pyglet')
6.9443 	EXP 	window1: recordFrameIntervals = False
7.1107 	EXP 	window1: recordFrameIntervals = True
7.2942 	EXP 	window1: recordFrameIntervals = False
8.9578 	EXP 	Created fixation_1 = TextStim(__class__=<class 'psychopy.visual.text.TextStim'>, alignHoriz='center', alignVert='center', antialias=True, autoLog=True, bold=False, color='white', colorSpace='named', contrast=1.0, depth=0.0, flipHoriz=False, flipVert=False, font='Arial', fontFiles=[], height=0.1, italic=False, languageStyle='LTR', name='fixation_1', opacity=1.0, ori=0, pos=array([0., 0.]), rgb=array([255., 255., 255.]), text='+', units='height', win=Window(...), wrapWidth=1)
8.9599 	EXP 	Created fixation_2 = TextStim(__class__=<class 'psychopy.visual.text.TextStim'>, alignHoriz='center', alignVert='center', antialias=True, autoLog=True, bold=False, color='white', colorSpace='named', contrast=1.0, depth=-1.0, flipHoriz=False, flipVert=False, font='Arial', fontFiles=[], height=0.1, italic=False, languageStyle='LTR', name='fixation_2', opacity=1.0, ori=0, pos=array([0., 0.]), rgb=array([255., 255., 255.]), text='+', units='height', win=Window(...), wrapWidth=1)
9.0598 	EXP 	Created cue = ImageStim(__class__=<class 'psychopy.visual.image.ImageStim'>, autoLog=True, color=array([1., 1., 1.]), colorSpace='rgb', contrast=1.0, depth=-2.0, flipHoriz=False, flipVert=False, image='images/arrow-left.png', interpolate=True, mask=None, maskParams=None, name='cue', opacity=1.0, ori=1.0, pos=array([0., 0.]), size=array([0.1, 0.1]), texRes=128, units='height', win=Window(...))
9.0715 	EXP 	Created target = ImageStim(__class__=<class 'psychopy.visual.image.ImageStim'>, autoLog=True, color=array([1., 1., 1.]), colorSpace='rgb', contrast=1.0, depth=-3.0, flipHoriz=False, flipVert=False, image='images/circle_red.png', interpolate=True, mask=None, maskParams=None, name='target', opacity=1.0, ori=0.0, pos=array([0., 0.]), size=array([0.15, 0.15]), texRes=128, units='height', win=Window(...))
9.1054 	EXP 	Created break_text = TextStim(__class__=<class 'psychopy.visual.text.TextStim'>, alignHoriz='center', alignVert='center', antialias=True, autoLog=True, bold=False, color='white', colorSpace='named', contrast=1.0, depth=0.0, flipHoriz=False, flipVert=False, font='Arial', fontFiles=[], height=0.1, italic=False, languageStyle='LTR', name='break_text', opacity=1.0, ori=0, pos=array([0., 0.]), rgb=array([255., 255., 255.]), text='Please take a minute break', units='height', win=Window(...), wrapWidth=1)
9.1061 	EXP 	Created sequence: random, trialTypes=1, nReps=3, seed=None
9.1685 	EXP 	New trial (rep=0, index=0): None
9.2403 	EXP 	Imported conditions.csv as conditions, 8 conditions, 5 params
9.2406 	EXP 	Created sequence: random, trialTypes=8, nReps=1, seed=None
10.8007 	EXP 	New trial (rep=0, index=0): OrderedDict([('targetX', -0.5), ('cueOri', 0), ('congr', 1), ('corrAns', 'left'), ('posner_type', 2)])
10.8995 	EXP 	cue: ori = 0.0
10.8995 	EXP 	target: pos = array([-0.5,  0. ])
10.8995 	EXP 	fixation_1: autoDraw = True
11.3109 	EXP 	fixation_1: autoDraw = False
11.3278 	EXP 	cue: autoDraw = True
11.8129 	EXP 	New trial (rep=0, index=1): OrderedDict([('targetX', -0.5), ('cueOri', 0), ('congr', 1), ('corrAns', 'left'), ('posner_type', 2)])
11.8277 	EXP 	fixation_1: autoDraw = False
11.8277 	EXP 	fixation_2: autoDraw = False
11.8277 	EXP 	cue: autoDraw = False
11.8277 	EXP 	target: autoDraw = False
11.8277 	EXP 	cue: ori = 0.0
11.8277 	EXP 	target: pos = array([-0.5,  0. ])
11.8277 	EXP 	fixation_1: autoDraw = True
12.3277 	EXP 	fixation_1: autoDraw = False
12.3443 	EXP 	cue: autoDraw = True
13.0277 	EXP 	cue: autoDraw = False
13.0444 	EXP 	fixation_2: autoDraw = True
13.5444 	EXP 	target: autoDraw = True
13.8344 	EXP 	New trial (rep=0, index=2): OrderedDict([('targetX', 0.5), ('cueOri', 180), ('congr', 1), ('corrAns', 'right'), ('posner_type', 6)])
13.8365 	DATA 	Keypress: left
13.8456 	EXP 	fixation_1: autoDraw = False
13.8456 	EXP 	fixation_2: autoDraw = False
13.8456 	EXP 	cue: autoDraw = False
13.8456 	EXP 	target: autoDraw = False
13.8456 	EXP 	cue: ori = 180.0
13.8456 	EXP 	target: pos = array([0.5, 0. ])
13.8456 	EXP 	fixation_1: autoDraw = True
14.3456 	EXP 	fixation_1: autoDraw = False
14.3623 	EXP 	cue: autoDraw = True
15.0456 	EXP 	cue: autoDraw = False
15.0623 	EXP 	fixation_2: autoDraw = True
15.5622 	EXP 	target: autoDraw = True
15.8174 	EXP 	New trial (rep=0, index=3): OrderedDict([('targetX', -0.5), ('cueOri', 0), ('congr', 1), ('corrAns', 'left'), ('posner_type', 2)])
15.8194 	DATA 	Keypress: right
15.8290 	EXP 	fixation_1: autoDraw = False
15.8290 	EXP 	fixation_2: autoDraw = False
15.8290 	EXP 	cue: autoDraw = False
15.8290 	EXP 	target: autoDraw = False
15.8290 	EXP 	cue: ori = 0.0
15.8290 	EXP 	target: pos = array([-0.5,  0. ])
15.8290 	EXP 	fixation_1: autoDraw = True
15.9651 	DATA 	Keypress: escape
16.2355 	EXP 	window1: mouseVisible = True
