4.4653 	WARNING 	Import Error: No module named 'psychtoolbox'. Using event module for keyboard component.
6.5275 	WARNING 	User requested fullscreen with size [1536  864], but screen is actually [1920, 1080]. Using actual size
7.4243 	EXP 	Created window1 = Window(allowGUI=False, allowStencil=False, args=UNKNOWN, autoLog=True, bitsMode=UNKNOWN, blendMode='avg', color=array([0., 0., 0.]), colorSpace='rgb', fullscr=<method-wrapper '__getattribute__' of attributeSetter object at 0x000002151AC03780>, gamma=None, gammaErrorPolicy='raise', kwargs=UNKNOWN, lms=UNKNOWN, monitor=<psychopy.monitors.calibTools.Monitor object at 0x000002151AC84FD0>, multiSample=False, name='window1', numSamples=2, pos=[0.0, 0.0], screen=0, size=array([1920, 1080]), stereo=False, units='height', useFBO=True, useRetina=False, viewOri=0.0, viewPos=None, viewScale=None, waitBlanking=True, winType='pyglet')
7.4243 	EXP 	window1: recordFrameIntervals = False
7.5900 	EXP 	window1: recordFrameIntervals = True
7.7736 	EXP 	window1: recordFrameIntervals = False
7.8833 	EXP 	Created fixation_1 = TextStim(__class__=<class 'psychopy.visual.text.TextStim'>, alignHoriz='center', alignVert='center', antialias=True, autoLog=True, bold=False, color='white', colorSpace='named', contrast=1.0, depth=0.0, flipHoriz=False, flipVert=False, font='Arial', fontFiles=[], height=0.1, italic=False, languageStyle='LTR', name='fixation_1', opacity=1.0, ori=0, pos=array([0., 0.]), rgb=array([255., 255., 255.]), text='+', units='height', win=Window(...), wrapWidth=1)
7.8848 	EXP 	Created fixation_2 = TextStim(__class__=<class 'psychopy.visual.text.TextStim'>, alignHoriz='center', alignVert='center', antialias=True, autoLog=True, bold=False, color='white', colorSpace='named', contrast=1.0, depth=-1.0, flipHoriz=False, flipVert=False, font='Arial', fontFiles=[], height=0.1, italic=False, languageStyle='LTR', name='fixation_2', opacity=1.0, ori=0, pos=array([0., 0.]), rgb=array([255., 255., 255.]), text='+', units='height', win=Window(...), wrapWidth=1)
7.9293 	EXP 	Created cue = ImageStim(__class__=<class 'psychopy.visual.image.ImageStim'>, autoLog=True, color=array([1., 1., 1.]), colorSpace='rgb', contrast=1.0, depth=-2.0, flipHoriz=False, flipVert=False, image='images/arrow-left.png', interpolate=True, mask=None, maskParams=None, name='cue', opacity=1.0, ori=1.0, pos=array([0., 0.]), size=array([0.1, 0.1]), texRes=128, units='height', win=Window(...))
7.9330 	EXP 	Created target = ImageStim(__class__=<class 'psychopy.visual.image.ImageStim'>, autoLog=True, color=array([1., 1., 1.]), colorSpace='rgb', contrast=1.0, depth=-3.0, flipHoriz=False, flipVert=False, image='images/circle_red.png', interpolate=True, mask=None, maskParams=None, name='target', opacity=1.0, ori=0.0, pos=array([0., 0.]), size=array([0.15, 0.15]), texRes=128, units='height', win=Window(...))
7.9534 	EXP 	Created break_text = TextStim(__class__=<class 'psychopy.visual.text.TextStim'>, alignHoriz='center', alignVert='center', antialias=True, autoLog=True, bold=False, color='white', colorSpace='named', contrast=1.0, depth=0.0, flipHoriz=False, flipVert=False, font='Arial', fontFiles=[], height=0.1, italic=False, languageStyle='LTR', name='break_text', opacity=1.0, ori=0, pos=array([0., 0.]), rgb=array([255., 255., 255.]), text='Please take a minute break', units='height', win=Window(...), wrapWidth=1)
7.9537 	EXP 	Created sequence: random, trialTypes=1, nReps=3, seed=None
8.0291 	EXP 	New trial (rep=0, index=0): None
8.0343 	EXP 	Imported conditions.csv as conditions, 8 conditions, 5 params
8.0345 	EXP 	Created sequence: random, trialTypes=8, nReps=1, seed=None
8.1758 	EXP 	New trial (rep=0, index=0): OrderedDict([('targetX', -0.5), ('cueOri', 180), ('congr', 0), ('corrAns', 'left'), ('posner_type', 4)])
8.2534 	EXP 	cue: ori = 180.0
8.2534 	EXP 	target: pos = array([-0.5,  0. ])
8.2534 	EXP 	fixation_1: autoDraw = True
8.6734 	EXP 	cue: autoDraw = True
8.7570 	EXP 	fixation_1: autoDraw = False
9.3736 	EXP 	fixation_2: autoDraw = True
9.3736 	EXP 	cue: autoDraw = False
9.8734 	EXP 	target: autoDraw = True
10.2076 	DATA 	Keypress: left
10.2125 	EXP 	New trial (rep=0, index=1): OrderedDict([('targetX', 0.5), ('cueOri', 180), ('congr', 1), ('corrAns', 'right'), ('posner_type', 6)])
10.2232 	EXP 	fixation_1: autoDraw = False
10.2232 	EXP 	fixation_2: autoDraw = False
10.2232 	EXP 	cue: autoDraw = False
10.2232 	EXP 	target: autoDraw = False
10.2232 	EXP 	cue: ori = 180.0
10.2232 	EXP 	target: pos = array([0.5, 0. ])
10.2232 	EXP 	fixation_1: autoDraw = True
10.7067 	EXP 	cue: autoDraw = True
10.7234 	EXP 	fixation_1: autoDraw = False
11.4069 	EXP 	fixation_2: autoDraw = True
11.4069 	EXP 	cue: autoDraw = False
11.9070 	EXP 	target: autoDraw = True
12.2248 	DATA 	Keypress: right
12.2272 	EXP 	New trial (rep=0, index=2): OrderedDict([('targetX', 0.5), ('cueOri', 0), ('congr', 0), ('corrAns', 'right'), ('posner_type', 8)])
12.2403 	EXP 	fixation_1: autoDraw = False
12.2403 	EXP 	fixation_2: autoDraw = False
12.2403 	EXP 	cue: autoDraw = False
12.2403 	EXP 	target: autoDraw = False
12.2403 	EXP 	cue: ori = 0.0
12.2403 	EXP 	target: pos = array([0.5, 0. ])
12.2403 	EXP 	fixation_1: autoDraw = True
12.7236 	EXP 	cue: autoDraw = True
12.7404 	EXP 	fixation_1: autoDraw = False
13.4237 	EXP 	fixation_2: autoDraw = True
13.4237 	EXP 	cue: autoDraw = False
13.9243 	EXP 	target: autoDraw = True
14.0922 	DATA 	Keypress: left
14.1098 	EXP 	New trial (rep=0, index=3): OrderedDict([('targetX', -0.5), ('cueOri', 0), ('congr', 1), ('corrAns', 'left'), ('posner_type', 2)])
14.1241 	EXP 	fixation_1: autoDraw = False
14.1241 	EXP 	fixation_2: autoDraw = False
14.1241 	EXP 	cue: autoDraw = False
14.1241 	EXP 	target: autoDraw = False
14.1241 	EXP 	cue: ori = 0.0
14.1241 	EXP 	target: pos = array([-0.5,  0. ])
14.1241 	EXP 	fixation_1: autoDraw = True
14.6076 	EXP 	cue: autoDraw = True
14.6249 	EXP 	fixation_1: autoDraw = False
15.2245 	DATA 	Keypress: escape
15.3658 	EXP 	window1: mouseVisible = True
4.4536 	WARNING 	Import Error: No module named 'psychtoolbox'. Using event module for keyboard component.
6.3233 	WARNING 	User requested fullscreen with size [1536  864], but screen is actually [1920, 1080]. Using actual size
7.2609 	EXP 	Created window1 = Window(allowGUI=False, allowStencil=False, args=UNKNOWN, autoLog=True, bitsMode=UNKNOWN, blendMode='avg', color=array([0., 0., 0.]), colorSpace='rgb', fullscr=<method-wrapper '__getattribute__' of attributeSetter object at 0x000001F5162747B8>, gamma=None, gammaErrorPolicy='raise', kwargs=UNKNOWN, lms=UNKNOWN, monitor=<psychopy.monitors.calibTools.Monitor object at 0x000001F5162F40B8>, multiSample=False, name='window1', numSamples=2, pos=[0.0, 0.0], screen=0, size=array([1920, 1080]), stereo=False, units='height', useFBO=True, useRetina=False, viewOri=0.0, viewPos=None, viewScale=None, waitBlanking=True, winType='pyglet')
7.2610 	EXP 	window1: recordFrameIntervals = False
7.4271 	EXP 	window1: recordFrameIntervals = True
7.6106 	EXP 	window1: recordFrameIntervals = False
7.7247 	EXP 	Created fixation_1 = TextStim(__class__=<class 'psychopy.visual.text.TextStim'>, alignHoriz='center', alignVert='center', antialias=True, autoLog=True, bold=False, color='white', colorSpace='named', contrast=1.0, depth=0.0, flipHoriz=False, flipVert=False, font='Arial', fontFiles=[], height=0.1, italic=False, languageStyle='LTR', name='fixation_1', opacity=1.0, ori=0, pos=array([0., 0.]), rgb=array([255., 255., 255.]), text='+', units='height', win=Window(...), wrapWidth=1)
7.7270 	EXP 	Created fixation_2 = TextStim(__class__=<class 'psychopy.visual.text.TextStim'>, alignHoriz='center', alignVert='center', antialias=True, autoLog=True, bold=False, color='white', colorSpace='named', contrast=1.0, depth=-1.0, flipHoriz=False, flipVert=False, font='Arial', fontFiles=[], height=0.1, italic=False, languageStyle='LTR', name='fixation_2', opacity=1.0, ori=0, pos=array([0., 0.]), rgb=array([255., 255., 255.]), text='+', units='height', win=Window(...), wrapWidth=1)
7.7578 	EXP 	Created cue = ImageStim(__class__=<class 'psychopy.visual.image.ImageStim'>, autoLog=True, color=array([1., 1., 1.]), colorSpace='rgb', contrast=1.0, depth=-2.0, flipHoriz=False, flipVert=False, image='images/arrow-left.png', interpolate=True, mask=None, maskParams=None, name='cue', opacity=1.0, ori=1.0, pos=array([0., 0.]), size=array([0.1, 0.1]), texRes=128, units='height', win=Window(...))
7.7613 	EXP 	Created target = ImageStim(__class__=<class 'psychopy.visual.image.ImageStim'>, autoLog=True, color=array([1., 1., 1.]), colorSpace='rgb', contrast=1.0, depth=-3.0, flipHoriz=False, flipVert=False, image='images/circle_red.png', interpolate=True, mask=None, maskParams=None, name='target', opacity=1.0, ori=0.0, pos=array([0., 0.]), size=array([0.15, 0.15]), texRes=128, units='height', win=Window(...))
7.7853 	EXP 	Created break_text = TextStim(__class__=<class 'psychopy.visual.text.TextStim'>, alignHoriz='center', alignVert='center', antialias=True, autoLog=True, bold=False, color='white', colorSpace='named', contrast=1.0, depth=0.0, flipHoriz=False, flipVert=False, font='Arial', fontFiles=[], height=0.1, italic=False, languageStyle='LTR', name='break_text', opacity=1.0, ori=0, pos=array([0., 0.]), rgb=array([255., 255., 255.]), text='Please take a minute break', units='height', win=Window(...), wrapWidth=1)
7.7857 	EXP 	Created sequence: random, trialTypes=1, nReps=3, seed=None
7.8597 	EXP 	New trial (rep=0, index=0): None
7.8660 	EXP 	Imported conditions.csv as conditions, 8 conditions, 5 params
7.8663 	EXP 	Created sequence: random, trialTypes=8, nReps=1, seed=None
8.0062 	EXP 	New trial (rep=0, index=0): OrderedDict([('targetX', 0.5), ('cueOri', 180), ('congr', 1), ('corrAns', 'right'), ('posner_type', 6)])
8.0782 	EXP 	cue: ori = 180.0
8.0782 	EXP 	target: pos = array([0.5, 0. ])
8.0782 	EXP 	fixation_1: autoDraw = True
8.5101 	EXP 	cue: autoDraw = True
8.5937 	EXP 	fixation_1: autoDraw = False
9.2103 	EXP 	fixation_2: autoDraw = True
9.2103 	EXP 	cue: autoDraw = False
9.7106 	EXP 	target: autoDraw = True
10.0113 	DATA 	Keypress: right
10.0152 	EXP 	New trial (rep=0, index=1): OrderedDict([('targetX', -0.5), ('cueOri', 0), ('congr', 1), ('corrAns', 'left'), ('posner_type', 2)])
10.0269 	EXP 	fixation_1: autoDraw = False
10.0269 	EXP 	fixation_2: autoDraw = False
10.0269 	EXP 	cue: autoDraw = False
10.0269 	EXP 	target: autoDraw = False
10.0269 	EXP 	cue: ori = 0.0
10.0269 	EXP 	target: pos = array([-0.5,  0. ])
10.0269 	EXP 	fixation_1: autoDraw = True
10.5102 	EXP 	cue: autoDraw = True
10.5268 	EXP 	fixation_1: autoDraw = False
11.2102 	EXP 	fixation_2: autoDraw = True
11.2102 	EXP 	cue: autoDraw = False
11.7107 	EXP 	target: autoDraw = True
12.0122 	DATA 	Keypress: left
12.0313 	EXP 	New trial (rep=0, index=2): OrderedDict([('targetX', 0.5), ('cueOri', 180), ('congr', 1), ('corrAns', 'right'), ('posner_type', 6)])
12.0436 	EXP 	fixation_1: autoDraw = False
12.0436 	EXP 	fixation_2: autoDraw = False
12.0436 	EXP 	cue: autoDraw = False
12.0436 	EXP 	target: autoDraw = False
12.0436 	EXP 	cue: ori = 180.0
12.0436 	EXP 	target: pos = array([0.5, 0. ])
12.0436 	EXP 	fixation_1: autoDraw = True
12.5268 	EXP 	cue: autoDraw = True
12.5435 	EXP 	fixation_1: autoDraw = False
13.2269 	EXP 	fixation_2: autoDraw = True
13.2269 	EXP 	cue: autoDraw = False
13.7275 	EXP 	target: autoDraw = True
14.0301 	DATA 	Keypress: right
14.0324 	EXP 	New trial (rep=0, index=3): OrderedDict([('targetX', 0.5), ('cueOri', 0), ('congr', 0), ('corrAns', 'right'), ('posner_type', 8)])
14.0435 	EXP 	fixation_1: autoDraw = False
14.0435 	EXP 	fixation_2: autoDraw = False
14.0435 	EXP 	cue: autoDraw = False
14.0435 	EXP 	target: autoDraw = False
14.0435 	EXP 	cue: ori = 0.0
14.0435 	EXP 	target: pos = array([0.5, 0. ])
14.0435 	EXP 	fixation_1: autoDraw = True
14.5268 	EXP 	cue: autoDraw = True
14.5439 	EXP 	fixation_1: autoDraw = False
15.2270 	EXP 	fixation_2: autoDraw = True
15.2270 	EXP 	cue: autoDraw = False
15.7268 	EXP 	target: autoDraw = True
16.0774 	DATA 	Keypress: right
16.0807 	EXP 	New trial (rep=0, index=4): OrderedDict([('targetX', -0.5), ('cueOri', 180), ('congr', 0), ('corrAns', 'left'), ('posner_type', 4)])
16.0938 	EXP 	fixation_1: autoDraw = False
16.0938 	EXP 	fixation_2: autoDraw = False
16.0938 	EXP 	cue: autoDraw = False
16.0938 	EXP 	target: autoDraw = False
16.0938 	EXP 	cue: ori = 180.0
16.0938 	EXP 	target: pos = array([-0.5,  0. ])
16.0938 	EXP 	fixation_1: autoDraw = True
16.5773 	EXP 	cue: autoDraw = True
16.5940 	EXP 	fixation_1: autoDraw = False
17.2769 	EXP 	fixation_2: autoDraw = True
17.2769 	EXP 	cue: autoDraw = False
17.7783 	EXP 	target: autoDraw = True
18.1111 	DATA 	Keypress: left
18.1134 	EXP 	New trial (rep=0, index=5): OrderedDict([('targetX', 0.5), ('cueOri', 180), ('congr', 1), ('corrAns', 'right'), ('posner_type', 6)])
18.1270 	EXP 	fixation_1: autoDraw = False
18.1270 	EXP 	fixation_2: autoDraw = False
18.1270 	EXP 	cue: autoDraw = False
18.1270 	EXP 	target: autoDraw = False
18.1270 	EXP 	cue: ori = 180.0
18.1270 	EXP 	target: pos = array([0.5, 0. ])
18.1270 	EXP 	fixation_1: autoDraw = True
18.6107 	EXP 	cue: autoDraw = True
18.6278 	EXP 	fixation_1: autoDraw = False
19.3109 	EXP 	fixation_2: autoDraw = True
19.3109 	EXP 	cue: autoDraw = False
19.8107 	EXP 	target: autoDraw = True
20.0780 	DATA 	Keypress: right
20.0805 	EXP 	New trial (rep=0, index=6): OrderedDict([('targetX', -0.5), ('cueOri', 0), ('congr', 1), ('corrAns', 'left'), ('posner_type', 2)])
20.0935 	EXP 	fixation_1: autoDraw = False
20.0935 	EXP 	fixation_2: autoDraw = False
20.0935 	EXP 	cue: autoDraw = False
20.0935 	EXP 	target: autoDraw = False
20.0935 	EXP 	cue: ori = 0.0
20.0935 	EXP 	target: pos = array([-0.5,  0. ])
20.0935 	EXP 	fixation_1: autoDraw = True
20.5774 	EXP 	cue: autoDraw = True
20.5937 	EXP 	fixation_1: autoDraw = False
21.2768 	EXP 	fixation_2: autoDraw = True
21.2768 	EXP 	cue: autoDraw = False
21.7773 	EXP 	target: autoDraw = True
22.0938 	DATA 	Keypress: left
22.0966 	EXP 	New trial (rep=0, index=7): OrderedDict([('targetX', -0.5), ('cueOri', 0), ('congr', 1), ('corrAns', 'left'), ('posner_type', 2)])
22.1103 	EXP 	fixation_1: autoDraw = False
22.1103 	EXP 	fixation_2: autoDraw = False
22.1103 	EXP 	cue: autoDraw = False
22.1103 	EXP 	target: autoDraw = False
22.1103 	EXP 	cue: ori = 0.0
22.1103 	EXP 	target: pos = array([-0.5,  0. ])
22.1103 	EXP 	fixation_1: autoDraw = True
22.5937 	EXP 	cue: autoDraw = True
22.6102 	EXP 	fixation_1: autoDraw = False
23.2941 	EXP 	fixation_2: autoDraw = True
23.2941 	EXP 	cue: autoDraw = False
23.7936 	EXP 	target: autoDraw = True
24.1113 	DATA 	Keypress: left
24.1270 	EXP 	fixation_1: autoDraw = False
24.1270 	EXP 	fixation_2: autoDraw = False
24.1270 	EXP 	cue: autoDraw = False
24.1270 	EXP 	target: autoDraw = False
24.1270 	EXP 	break_text: autoDraw = True
29.2292 	DATA 	Keypress: escape
29.3547 	EXP 	window1: mouseVisible = True
