1.5179 	WARNING 	Import Error: No module named 'psychtoolbox'. Using event module for keyboard component.
3.6805 	WARNING 	User requested fullscreen with size [1024  768], but screen is actually [1920, 1080]. Using actual size
4.5485 	EXP 	Created window1 = Window(allowGUI=False, allowStencil=False, args=UNKNOWN, autoLog=True, bitsMode=UNKNOWN, blendMode='avg', color=array([0., 0., 0.]), colorSpace='rgb', fullscr=<method-wrapper '__getattribute__' of attributeSetter object at 0x000002A819899550>, gamma=None, gammaErrorPolicy='raise', kwargs=UNKNOWN, lms=UNKNOWN, monitor=<psychopy.monitors.calibTools.Monitor object at 0x000002A819912D68>, multiSample=False, name='window1', numSamples=2, pos=[0.0, 0.0], screen=1, size=array([1920, 1080]), stereo=False, units='height', useFBO=True, useRetina=False, viewOri=0.0, viewPos=None, viewScale=None, waitBlanking=True, winType='pyglet')
4.5485 	EXP 	window1: recordFrameIntervals = False
4.7147 	EXP 	window1: recordFrameIntervals = True
4.8981 	EXP 	window1: recordFrameIntervals = False
4.9291 	EXP 	Created fixation = TextStim(__class__=<class 'psychopy.visual.text.TextStim'>, alignHoriz='center', alignVert='center', antialias=True, autoLog=True, bold=False, color=array([255., 255., 255.]), colorSpace='rgb', contrast=1.0, depth=0.0, flipHoriz=False, flipVert=False, font='Arial', fontFiles=[], height=0.05, italic=False, languageStyle='LTR', name='fixation', opacity=1.0, ori=0, pos=array([0., 0.]), rgb=array([255., 255., 255.]), text='+', units='height', win=Window(...), wrapWidth=1)
4.9560 	EXP 	Created cue = ImageStim(__class__=<class 'psychopy.visual.image.ImageStim'>, autoLog=True, color=array([1., 1., 1.]), colorSpace='rgb', contrast=1.0, depth=-1.0, flipHoriz=False, flipVert=False, image='images/arrow-left.png', interpolate=True, mask=None, maskParams=None, name='cue', opacity=1.0, ori=1.0, pos=array([0., 0.]), size=array([0.2, 0.2]), texRes=128, units='height', win=Window(...))
4.9595 	EXP 	Created target = ImageStim(__class__=<class 'psychopy.visual.image.ImageStim'>, autoLog=True, color=array([1., 1., 1.]), colorSpace='rgb', contrast=1.0, depth=-2.0, flipHoriz=False, flipVert=False, image='images/circle_red.png', interpolate=True, mask=None, maskParams=None, name='target', opacity=1.0, ori=0.0, pos=array([0., 0.]), size=array([0.2, 0.2]), texRes=128, units='height', win=Window(...))
4.9798 	EXP 	Created break_text = TextStim(__class__=<class 'psychopy.visual.text.TextStim'>, alignHoriz='center', alignVert='center', antialias=True, autoLog=True, bold=False, color='white', colorSpace='named', contrast=1.0, depth=0.0, flipHoriz=False, flipVert=False, font='Arial', fontFiles=[], height=0.1, italic=False, languageStyle='LTR', name='break_text', opacity=1.0, ori=0, pos=array([0., 0.]), rgb=array([255., 255., 255.]), text='Please take a minute break', units='height', win=Window(...), wrapWidth=1)
4.9801 	EXP 	Created sequence: random, trialTypes=1, nReps=3, seed=None
5.0534 	EXP 	New trial (rep=0, index=0): None
5.0585 	EXP 	Imported conditions.csv as conditions, 8 conditions, 5 params
5.0596 	EXP 	Created sequence: random, trialTypes=8, nReps=88, seed=None
5.1900 	EXP 	New trial (rep=0, index=0): OrderedDict([('targetX', 0.5), ('cueOri', 0), ('congr', 0), ('corrAns', 'right'), ('posner_type', 8)])
5.2523 	EXP 	cue: ori = 0.0
5.2523 	EXP 	target: pos = array([0.5, 0. ])
5.2523 	EXP 	fixation: autoDraw = True
5.6980 	EXP 	cue: autoDraw = True
6.3979 	EXP 	cue: autoDraw = False
6.8981 	EXP 	target: autoDraw = True
7.2315 	DATA 	Keypress: right
7.2366 	EXP 	New trial (rep=0, index=1): OrderedDict([('targetX', 0.5), ('cueOri', 180), ('congr', 1), ('corrAns', 'right'), ('posner_type', 6)])
7.2479 	EXP 	fixation: autoDraw = False
7.2479 	EXP 	cue: autoDraw = False
7.2479 	EXP 	target: autoDraw = False
7.2479 	EXP 	cue: ori = 180.0
7.2479 	EXP 	target: pos = array([0.5, 0. ])
7.2479 	EXP 	fixation: autoDraw = True
7.7313 	EXP 	cue: autoDraw = True
8.4314 	EXP 	cue: autoDraw = False
8.9315 	EXP 	target: autoDraw = True
9.2148 	DATA 	Keypress: right
9.2184 	EXP 	New trial (rep=0, index=2): OrderedDict([('targetX', -0.5), ('cueOri', 0), ('congr', 1), ('corrAns', 'left'), ('posner_type', 2)])
9.2312 	EXP 	fixation: autoDraw = False
9.2312 	EXP 	cue: autoDraw = False
9.2312 	EXP 	target: autoDraw = False
9.2312 	EXP 	cue: ori = 0.0
9.2312 	EXP 	target: pos = array([-0.5,  0. ])
9.2312 	EXP 	fixation: autoDraw = True
9.4650 	DATA 	Keypress: escape
9.6788 	EXP 	window1: mouseVisible = True
