2.4627 	WARNING 	Import Error: No module named 'psychtoolbox'. Using event module for keyboard component.
5.2699 	WARNING 	User requested fullscreen with size [1024  768], but screen is actually [1920, 1080]. Using actual size
6.1519 	EXP 	Created window1 = Window(allowGUI=False, allowStencil=False, args=UNKNOWN, autoLog=True, bitsMode=UNKNOWN, blendMode='avg', color=array([0., 0., 0.]), colorSpace='rgb', fullscr=<method-wrapper '__getattribute__' of attributeSetter object at 0x00000182B6018588>, gamma=None, gammaErrorPolicy='raise', kwargs=UNKNOWN, lms=UNKNOWN, monitor=<psychopy.monitors.calibTools.Monitor object at 0x00000182B6092DA0>, multiSample=False, name='window1', numSamples=2, pos=[0.0, 0.0], screen=1, size=array([1920, 1080]), stereo=False, units='height', useFBO=True, useRetina=False, viewOri=0.0, viewPos=None, viewScale=None, waitBlanking=True, winType='pyglet')
6.1519 	EXP 	window1: recordFrameIntervals = False
6.3181 	EXP 	window1: recordFrameIntervals = True
6.5016 	EXP 	window1: recordFrameIntervals = False
6.5328 	EXP 	Created fixation = TextStim(__class__=<class 'psychopy.visual.text.TextStim'>, alignHoriz='center', alignVert='center', antialias=True, autoLog=True, bold=False, color='white', colorSpace='named', contrast=1.0, depth=0.0, flipHoriz=False, flipVert=False, font='Arial', fontFiles=[], height=0.05, italic=False, languageStyle='LTR', name='fixation', opacity=1.0, ori=0, pos=array([0., 0.]), rgb=array([255., 255., 255.]), text='+', units='height', win=Window(...), wrapWidth=1)
6.5766 	EXP 	Created cue = ImageStim(__class__=<class 'psychopy.visual.image.ImageStim'>, autoLog=True, color=array([1., 1., 1.]), colorSpace='rgb', contrast=1.0, depth=-1.0, flipHoriz=False, flipVert=False, image='images/arrow-left.png', interpolate=True, mask=None, maskParams=None, name='cue', opacity=1.0, ori=1.0, pos=array([0., 0.]), size=array([0.2, 0.2]), texRes=128, units='height', win=Window(...))
6.5804 	EXP 	Created target = ImageStim(__class__=<class 'psychopy.visual.image.ImageStim'>, autoLog=True, color=array([1., 1., 1.]), colorSpace='rgb', contrast=1.0, depth=-2.0, flipHoriz=False, flipVert=False, image='images/circle_red.png', interpolate=True, mask=None, maskParams=None, name='target', opacity=1.0, ori=0.0, pos=array([0., 0.]), size=array([0.2, 0.2]), texRes=128, units='height', win=Window(...))
6.6004 	EXP 	Created break_text = TextStim(__class__=<class 'psychopy.visual.text.TextStim'>, alignHoriz='center', alignVert='center', antialias=True, autoLog=True, bold=False, color='white', colorSpace='named', contrast=1.0, depth=0.0, flipHoriz=False, flipVert=False, font='Arial', fontFiles=[], height=0.1, italic=False, languageStyle='LTR', name='break_text', opacity=1.0, ori=0, pos=array([0., 0.]), rgb=array([255., 255., 255.]), text='Please take a minute break', units='height', win=Window(...), wrapWidth=1)
6.6007 	EXP 	Created sequence: random, trialTypes=1, nReps=3, seed=None
6.6763 	EXP 	New trial (rep=0, index=0): None
6.6816 	EXP 	Imported conditions.csv as conditions, 8 conditions, 5 params
6.6827 	EXP 	Created sequence: random, trialTypes=8, nReps=88, seed=None
6.8310 	EXP 	New trial (rep=0, index=0): OrderedDict([('targetX', 0.5), ('cueOri', 180), ('congr', 1), ('corrAns', 'right'), ('posner_type', 6)])
6.8973 	EXP 	cue: ori = 180.0
6.8973 	EXP 	target: pos = array([0.5, 0. ])
6.8973 	EXP 	fixation: autoDraw = True
7.3347 	EXP 	cue: autoDraw = True
8.0348 	EXP 	cue: autoDraw = False
8.5347 	EXP 	target: autoDraw = True
8.9693 	DATA 	Keypress: right
8.9748 	EXP 	New trial (rep=0, index=1): OrderedDict([('targetX', -0.5), ('cueOri', 0), ('congr', 1), ('corrAns', 'left'), ('posner_type', 2)])
8.9847 	EXP 	fixation: autoDraw = False
8.9847 	EXP 	cue: autoDraw = False
8.9847 	EXP 	target: autoDraw = False
8.9847 	EXP 	cue: ori = 0.0
8.9847 	EXP 	target: pos = array([-0.5,  0. ])
8.9847 	EXP 	fixation: autoDraw = True
9.4680 	EXP 	cue: autoDraw = True
10.1681 	EXP 	cue: autoDraw = False
10.6683 	EXP 	target: autoDraw = True
10.9190 	DATA 	Keypress: left
10.9237 	EXP 	New trial (rep=0, index=2): OrderedDict([('targetX', 0.5), ('cueOri', 0), ('congr', 0), ('corrAns', 'right'), ('posner_type', 8)])
10.9348 	EXP 	fixation: autoDraw = False
10.9348 	EXP 	cue: autoDraw = False
10.9348 	EXP 	target: autoDraw = False
10.9348 	EXP 	cue: ori = 0.0
10.9348 	EXP 	target: pos = array([0.5, 0. ])
10.9348 	EXP 	fixation: autoDraw = True
11.4182 	EXP 	cue: autoDraw = True
12.1182 	EXP 	cue: autoDraw = False
12.6181 	EXP 	target: autoDraw = True
13.1184 	EXP 	target: autoDraw = False
13.6427 	EXP 	New trial (rep=0, index=3): OrderedDict([('targetX', -0.5), ('cueOri', 180), ('congr', 0), ('corrAns', 'left'), ('posner_type', 4)])
13.6475 	EXP 	fixation: autoDraw = False
13.6475 	EXP 	fixation: autoDraw = False
13.6475 	EXP 	cue: autoDraw = False
13.6475 	EXP 	target: autoDraw = False
13.6475 	EXP 	cue: ori = 180.0
13.6475 	EXP 	target: pos = array([-0.5,  0. ])
13.6475 	EXP 	fixation: autoDraw = True
14.1351 	EXP 	cue: autoDraw = True
14.8395 	EXP 	cue: autoDraw = False
15.3351 	EXP 	target: autoDraw = True
15.8352 	EXP 	target: autoDraw = False
16.3250 	EXP 	New trial (rep=0, index=4): OrderedDict([('targetX', 0.5), ('cueOri', 180), ('congr', 1), ('corrAns', 'right'), ('posner_type', 6)])
16.3351 	EXP 	fixation: autoDraw = False
16.3351 	EXP 	fixation: autoDraw = False
16.3351 	EXP 	cue: autoDraw = False
16.3351 	EXP 	target: autoDraw = False
16.3351 	EXP 	cue: ori = 180.0
16.3351 	EXP 	target: pos = array([0.5, 0. ])
16.3351 	EXP 	fixation: autoDraw = True
16.4886 	DATA 	Mouse: Left button down, pos=(1443,788)
16.5996 	DATA 	Mouse:  Left button up, pos=(1444,788)
16.6353 	DATA 	Keypress: escape
16.7882 	EXP 	window1: mouseVisible = True
3.0290 	WARNING 	Import Error: No module named 'psychtoolbox'. Using event module for keyboard component.
4.9702 	WARNING 	User requested fullscreen with size [1024  768], but screen is actually [1920, 1080]. Using actual size
5.8551 	EXP 	Created window1 = Window(allowGUI=False, allowStencil=False, args=UNKNOWN, autoLog=True, bitsMode=UNKNOWN, blendMode='avg', color=array([0., 0., 0.]), colorSpace='rgb', fullscr=<method-wrapper '__getattribute__' of attributeSetter object at 0x00000229621EA518>, gamma=None, gammaErrorPolicy='raise', kwargs=UNKNOWN, lms=UNKNOWN, monitor=<psychopy.monitors.calibTools.Monitor object at 0x0000022962263D30>, multiSample=False, name='window1', numSamples=2, pos=[0.0, 0.0], screen=1, size=array([1920, 1080]), stereo=False, units='height', useFBO=True, useRetina=False, viewOri=0.0, viewPos=None, viewScale=None, waitBlanking=True, winType='pyglet')
5.8552 	EXP 	window1: recordFrameIntervals = False
6.0213 	EXP 	window1: recordFrameIntervals = True
6.2045 	EXP 	window1: recordFrameIntervals = False
6.2406 	EXP 	Created fixation = TextStim(__class__=<class 'psychopy.visual.text.TextStim'>, alignHoriz='center', alignVert='center', antialias=True, autoLog=True, bold=False, color='white', colorSpace='named', contrast=1.0, depth=0.0, flipHoriz=False, flipVert=False, font='Arial', fontFiles=[], height=0.05, italic=False, languageStyle='LTR', name='fixation', opacity=1.0, ori=0, pos=array([0., 0.]), rgb=array([255., 255., 255.]), text='+', units='height', win=Window(...), wrapWidth=1)
6.2716 	EXP 	Created cue = ImageStim(__class__=<class 'psychopy.visual.image.ImageStim'>, autoLog=True, color=array([1., 1., 1.]), colorSpace='rgb', contrast=1.0, depth=-1.0, flipHoriz=False, flipVert=False, image='images/arrow-left.png', interpolate=True, mask=None, maskParams=None, name='cue', opacity=1.0, ori=1.0, pos=array([0., 0.]), size=array([0.2, 0.2]), texRes=128, units='height', win=Window(...))
6.2752 	EXP 	Created target = ImageStim(__class__=<class 'psychopy.visual.image.ImageStim'>, autoLog=True, color=array([1., 1., 1.]), colorSpace='rgb', contrast=1.0, depth=-2.0, flipHoriz=False, flipVert=False, image='images/circle_red.png', interpolate=True, mask=None, maskParams=None, name='target', opacity=1.0, ori=0.0, pos=array([0., 0.]), size=array([0.2, 0.2]), texRes=128, units='height', win=Window(...))
6.2967 	EXP 	Created break_text = TextStim(__class__=<class 'psychopy.visual.text.TextStim'>, alignHoriz='center', alignVert='center', antialias=True, autoLog=True, bold=False, color='white', colorSpace='named', contrast=1.0, depth=0.0, flipHoriz=False, flipVert=False, font='Arial', fontFiles=[], height=0.1, italic=False, languageStyle='LTR', name='break_text', opacity=1.0, ori=0, pos=array([0., 0.]), rgb=array([255., 255., 255.]), text='Please take a minute break', units='height', win=Window(...), wrapWidth=1)
6.2971 	EXP 	Created sequence: random, trialTypes=1, nReps=3, seed=None
6.3923 	EXP 	New trial (rep=0, index=0): None
6.3998 	EXP 	Imported conditions.csv as conditions, 8 conditions, 5 params
6.4011 	EXP 	Created sequence: random, trialTypes=8, nReps=88, seed=None
6.5485 	EXP 	New trial (rep=0, index=0): OrderedDict([('targetX', -0.5), ('cueOri', 0), ('congr', 1), ('corrAns', 'left'), ('posner_type', 2)])
6.6192 	EXP 	cue: ori = 0.0
6.6192 	EXP 	target: pos = array([-0.5,  0. ])
6.6192 	EXP 	fixation: autoDraw = True
7.0544 	EXP 	cue: autoDraw = True
7.5725 	DATA 	Mouse: Left button down, pos=(1061,754)
7.6556 	DATA 	Mouse:  Left button up, pos=(1060,753)
7.7382 	DATA 	Keypress: escape
7.9607 	EXP 	window1: mouseVisible = True
2.6079 	WARNING 	Import Error: No module named 'psychtoolbox'. Using event module for keyboard component.
4.3245 	WARNING 	User requested fullscreen with size [1024  768], but screen is actually [1920, 1080]. Using actual size
5.2915 	EXP 	Created window1 = Window(allowGUI=False, allowStencil=False, args=UNKNOWN, autoLog=True, bitsMode=UNKNOWN, blendMode='avg', color=array([0., 0., 0.]), colorSpace='rgb', fullscr=<method-wrapper '__getattribute__' of attributeSetter object at 0x0000026BC97B8588>, gamma=None, gammaErrorPolicy='raise', kwargs=UNKNOWN, lms=UNKNOWN, monitor=<psychopy.monitors.calibTools.Monitor object at 0x0000026BC9833DA0>, multiSample=False, name='window1', numSamples=2, pos=[0.0, 0.0], screen=1, size=array([1920, 1080]), stereo=False, units='height', useFBO=True, useRetina=False, viewOri=0.0, viewPos=None, viewScale=None, waitBlanking=True, winType='pyglet')
5.2915 	EXP 	window1: recordFrameIntervals = False
5.4778 	EXP 	window1: recordFrameIntervals = True
5.5175 	WARNING 	t of last frame was 26.64ms (=1/37)
5.5409 	WARNING 	t of last frame was 23.41ms (=1/42)
5.7080 	EXP 	window1: recordFrameIntervals = False
5.7417 	EXP 	Created fixation = TextStim(__class__=<class 'psychopy.visual.text.TextStim'>, alignHoriz='center', alignVert='center', antialias=True, autoLog=True, bold=False, color='white', colorSpace='named', contrast=1.0, depth=0.0, flipHoriz=False, flipVert=False, font='Arial', fontFiles=[], height=0.05, italic=False, languageStyle='LTR', name='fixation', opacity=1.0, ori=0, pos=array([0., 0.]), rgb=array([255., 255., 255.]), text='+', units='height', win=Window(...), wrapWidth=1)
5.8007 	EXP 	Created cue = ImageStim(__class__=<class 'psychopy.visual.image.ImageStim'>, autoLog=True, color=array([1., 1., 1.]), colorSpace='rgb', contrast=1.0, depth=-1.0, flipHoriz=False, flipVert=False, image='images/arrow-left.png', interpolate=True, mask=None, maskParams=None, name='cue', opacity=1.0, ori=1.0, pos=array([0., 0.]), size=array([0.2, 0.2]), texRes=128, units='height', win=Window(...))
5.8091 	EXP 	Created target = ImageStim(__class__=<class 'psychopy.visual.image.ImageStim'>, autoLog=True, color=array([1., 1., 1.]), colorSpace='rgb', contrast=1.0, depth=-2.0, flipHoriz=False, flipVert=False, image='images/circle_red.png', interpolate=True, mask=None, maskParams=None, name='target', opacity=1.0, ori=0.0, pos=array([0., 0.]), size=array([0.2, 0.2]), texRes=128, units='height', win=Window(...))
5.8463 	EXP 	Created break_text = TextStim(__class__=<class 'psychopy.visual.text.TextStim'>, alignHoriz='center', alignVert='center', antialias=True, autoLog=True, bold=False, color='white', colorSpace='named', contrast=1.0, depth=0.0, flipHoriz=False, flipVert=False, font='Arial', fontFiles=[], height=0.1, italic=False, languageStyle='LTR', name='break_text', opacity=1.0, ori=0, pos=array([0., 0.]), rgb=array([255., 255., 255.]), text='Please take a minute break', units='height', win=Window(...), wrapWidth=1)
5.8469 	EXP 	Created sequence: random, trialTypes=1, nReps=3, seed=None
5.9822 	EXP 	New trial (rep=0, index=0): None
5.9891 	EXP 	Imported conditions.csv as conditions, 8 conditions, 5 params
5.9906 	EXP 	Created sequence: random, trialTypes=8, nReps=88, seed=None
6.1587 	EXP 	New trial (rep=0, index=0): OrderedDict([('targetX', -0.5), ('cueOri', 180), ('congr', 0), ('corrAns', 'left'), ('posner_type', 4)])
6.2288 	EXP 	cue: ori = 180.0
6.2288 	EXP 	target: pos = array([-0.5,  0. ])
6.2288 	EXP 	fixation: autoDraw = True
6.6578 	EXP 	cue: autoDraw = True
7.3578 	EXP 	cue: autoDraw = False
7.8578 	EXP 	target: autoDraw = True
8.3576 	EXP 	target: autoDraw = False
8.5633 	EXP 	New trial (rep=0, index=1): OrderedDict([('targetX', 0.5), ('cueOri', 180), ('congr', 1), ('corrAns', 'right'), ('posner_type', 6)])
8.5743 	EXP 	fixation: autoDraw = False
8.5743 	EXP 	cue: autoDraw = False
8.5743 	EXP 	target: autoDraw = False
8.5743 	EXP 	cue: ori = 180.0
8.5743 	EXP 	target: pos = array([0.5, 0. ])
8.5743 	EXP 	fixation: autoDraw = True
9.0576 	EXP 	cue: autoDraw = True
9.7581 	EXP 	cue: autoDraw = False
10.2580 	EXP 	target: autoDraw = True
10.7578 	EXP 	target: autoDraw = False
11.2457 	EXP 	New trial (rep=0, index=2): OrderedDict([('targetX', 0.5), ('cueOri', 180), ('congr', 1), ('corrAns', 'right'), ('posner_type', 6)])
11.2580 	EXP 	fixation: autoDraw = False
11.2580 	EXP 	fixation: autoDraw = False
11.2580 	EXP 	cue: autoDraw = False
11.2580 	EXP 	target: autoDraw = False
11.2580 	EXP 	cue: ori = 180.0
11.2580 	EXP 	target: pos = array([0.5, 0. ])
11.2580 	EXP 	fixation: autoDraw = True
11.7410 	EXP 	cue: autoDraw = True
12.4410 	EXP 	cue: autoDraw = False
12.9411 	EXP 	target: autoDraw = True
13.4412 	EXP 	target: autoDraw = False
13.9281 	EXP 	New trial (rep=0, index=3): OrderedDict([('targetX', 0.5), ('cueOri', 180), ('congr', 1), ('corrAns', 'right'), ('posner_type', 6)])
13.9453 	EXP 	fixation: autoDraw = False
13.9453 	EXP 	fixation: autoDraw = False
13.9453 	EXP 	cue: autoDraw = False
13.9453 	EXP 	target: autoDraw = False
13.9453 	EXP 	cue: ori = 180.0
13.9453 	EXP 	target: pos = array([0.5, 0. ])
13.9453 	EXP 	fixation: autoDraw = True
14.4245 	EXP 	cue: autoDraw = True
15.1249 	EXP 	cue: autoDraw = False
15.5138 	DATA 	Mouse: Left button down, pos=(1528,618)
15.6135 	DATA 	Mouse:  Left button up, pos=(1528,617)
15.6409 	EXP 	target: autoDraw = True
15.7083 	DATA 	Keypress: escape
15.8905 	EXP 	window1: mouseVisible = True
