2.3606 	WARNING 	Import Error: No module named 'psychtoolbox'. Using event module for keyboard component.
5.4681 	WARNING 	User requested fullscreen with size [1536  864], but screen is actually [1920, 1080]. Using actual size
6.3001 	EXP 	Created window1 = Window(allowGUI=False, allowStencil=False, args=UNKNOWN, autoLog=True, bitsMode=UNKNOWN, blendMode='avg', color=array([0., 0., 0.]), colorSpace='rgb', fullscr=<method-wrapper '__getattribute__' of attributeSetter object at 0x000001D0483E47B8>, gamma=None, gammaErrorPolicy='raise', kwargs=UNKNOWN, lms=UNKNOWN, monitor=<psychopy.monitors.calibTools.Monitor object at 0x000001D0484640B8>, multiSample=False, name='window1', numSamples=2, pos=[0.0, 0.0], screen=0, size=array([1920, 1080]), stereo=False, units='height', useFBO=True, useRetina=False, viewOri=0.0, viewPos=None, viewScale=None, waitBlanking=True, winType='pyglet')
6.3001 	EXP 	window1: recordFrameIntervals = False
6.4665 	EXP 	window1: recordFrameIntervals = True
6.6497 	EXP 	window1: recordFrameIntervals = False
8.2842 	EXP 	Created fixation_1 = TextStim(__class__=<class 'psychopy.visual.text.TextStim'>, alignHoriz='center', alignVert='center', antialias=True, autoLog=True, bold=False, color='white', colorSpace='named', contrast=1.0, depth=0.0, flipHoriz=False, flipVert=False, font='Arial', fontFiles=[], height=0.1, italic=False, languageStyle='LTR', name='fixation_1', opacity=1.0, ori=0, pos=array([0., 0.]), rgb=array([255., 255., 255.]), text='+', units='height', win=Window(...), wrapWidth=1)
8.2866 	EXP 	Created fixation_2 = TextStim(__class__=<class 'psychopy.visual.text.TextStim'>, alignHoriz='center', alignVert='center', antialias=True, autoLog=True, bold=False, color='white', colorSpace='named', contrast=1.0, depth=-1.0, flipHoriz=False, flipVert=False, font='Arial', fontFiles=[], height=0.1, italic=False, languageStyle='LTR', name='fixation_2', opacity=1.0, ori=0, pos=array([0., 0.]), rgb=array([255., 255., 255.]), text='+', units='height', win=Window(...), wrapWidth=1)
8.3146 	EXP 	Created cue = ImageStim(__class__=<class 'psychopy.visual.image.ImageStim'>, autoLog=True, color=array([1., 1., 1.]), colorSpace='rgb', contrast=1.0, depth=-2.0, flipHoriz=False, flipVert=False, image='images/arrow-left.png', interpolate=True, mask=None, maskParams=None, name='cue', opacity=1.0, ori=1.0, pos=array([0., 0.]), size=array([0.1, 0.1]), texRes=128, units='height', win=Window(...))
8.3181 	EXP 	Created target = ImageStim(__class__=<class 'psychopy.visual.image.ImageStim'>, autoLog=True, color=array([1., 1., 1.]), colorSpace='rgb', contrast=1.0, depth=-3.0, flipHoriz=False, flipVert=False, image='images/circle_red.png', interpolate=True, mask=None, maskParams=None, name='target', opacity=1.0, ori=0.0, pos=array([0., 0.]), size=array([0.15, 0.15]), texRes=128, units='height', win=Window(...))
8.3443 	EXP 	Created break_text = TextStim(__class__=<class 'psychopy.visual.text.TextStim'>, alignHoriz='center', alignVert='center', antialias=True, autoLog=True, bold=False, color='white', colorSpace='named', contrast=1.0, depth=0.0, flipHoriz=False, flipVert=False, font='Arial', fontFiles=[], height=0.1, italic=False, languageStyle='LTR', name='break_text', opacity=1.0, ori=0, pos=array([0., 0.]), rgb=array([255., 255., 255.]), text='Please take a minute break', units='height', win=Window(...), wrapWidth=1)
8.3446 	EXP 	Created sequence: random, trialTypes=1, nReps=3, seed=None
8.4274 	EXP 	New trial (rep=0, index=0): None
8.4342 	EXP 	Imported conditions.csv as conditions, 8 conditions, 5 params
8.4344 	EXP 	Created sequence: random, trialTypes=8, nReps=1, seed=None
9.3851 	EXP 	New trial (rep=0, index=0): OrderedDict([('targetX', -0.5), ('cueOri', 0), ('congr', 1), ('corrAns', 'left'), ('posner_type', 2)])
9.4582 	EXP 	cue: ori = 0.0
9.4582 	EXP 	target: pos = array([-0.5,  0. ])
9.4582 	EXP 	fixation_1: autoDraw = True
9.8829 	EXP 	cue: autoDraw = True
9.9663 	EXP 	fixation_1: autoDraw = False
10.5830 	EXP 	fixation_2: autoDraw = True
10.5830 	EXP 	cue: autoDraw = False
11.0528 	EXP 	New trial (rep=0, index=1): OrderedDict([('targetX', 0.5), ('cueOri', 180), ('congr', 1), ('corrAns', 'right'), ('posner_type', 6)])
11.0662 	EXP 	fixation_1: autoDraw = False
11.0662 	EXP 	fixation_2: autoDraw = False
11.0662 	EXP 	cue: autoDraw = False
11.0662 	EXP 	target: autoDraw = False
11.0662 	EXP 	cue: ori = 180.0
11.0662 	EXP 	target: pos = array([0.5, 0. ])
11.0662 	EXP 	fixation_1: autoDraw = True
11.5494 	EXP 	cue: autoDraw = True
11.5663 	EXP 	fixation_1: autoDraw = False
12.2499 	EXP 	fixation_2: autoDraw = True
12.2499 	EXP 	cue: autoDraw = False
12.7497 	EXP 	target: autoDraw = True
13.0870 	DATA 	Keypress: right
13.0887 	EXP 	New trial (rep=0, index=2): OrderedDict([('targetX', 0.5), ('cueOri', 0), ('congr', 0), ('corrAns', 'right'), ('posner_type', 8)])
13.0995 	EXP 	fixation_1: autoDraw = False
13.0995 	EXP 	fixation_2: autoDraw = False
13.0995 	EXP 	cue: autoDraw = False
13.0995 	EXP 	target: autoDraw = False
13.0995 	EXP 	cue: ori = 0.0
13.0995 	EXP 	target: pos = array([0.5, 0. ])
13.0995 	EXP 	fixation_1: autoDraw = True
13.5832 	EXP 	cue: autoDraw = True
13.6001 	EXP 	fixation_1: autoDraw = False
14.2834 	EXP 	fixation_2: autoDraw = True
14.2834 	EXP 	cue: autoDraw = False
14.7833 	EXP 	target: autoDraw = True
15.1673 	DATA 	Keypress: right
15.1698 	EXP 	New trial (rep=0, index=3): OrderedDict([('targetX', 0.5), ('cueOri', 180), ('congr', 1), ('corrAns', 'right'), ('posner_type', 6)])
15.1829 	EXP 	fixation_1: autoDraw = False
15.1829 	EXP 	fixation_2: autoDraw = False
15.1829 	EXP 	cue: autoDraw = False
15.1829 	EXP 	target: autoDraw = False
15.1829 	EXP 	cue: ori = 180.0
15.1829 	EXP 	target: pos = array([0.5, 0. ])
15.1829 	EXP 	fixation_1: autoDraw = True
15.6667 	EXP 	cue: autoDraw = True
15.6840 	EXP 	fixation_1: autoDraw = False
16.3669 	EXP 	fixation_2: autoDraw = True
16.3669 	EXP 	cue: autoDraw = False
16.8661 	EXP 	target: autoDraw = True
17.2165 	DATA 	Keypress: right
17.2195 	EXP 	New trial (rep=0, index=4): OrderedDict([('targetX', -0.5), ('cueOri', 0), ('congr', 1), ('corrAns', 'left'), ('posner_type', 2)])
17.2327 	EXP 	fixation_1: autoDraw = False
17.2327 	EXP 	fixation_2: autoDraw = False
17.2327 	EXP 	cue: autoDraw = False
17.2327 	EXP 	target: autoDraw = False
17.2327 	EXP 	cue: ori = 0.0
17.2327 	EXP 	target: pos = array([-0.5,  0. ])
17.2327 	EXP 	fixation_1: autoDraw = True
17.7162 	EXP 	cue: autoDraw = True
17.7338 	EXP 	fixation_1: autoDraw = False
17.7831 	DATA 	Keypress: escape
17.9351 	EXP 	window1: mouseVisible = True
2.5988 	WARNING 	Import Error: No module named 'psychtoolbox'. Using event module for keyboard component.
4.3380 	WARNING 	User requested fullscreen with size [1536  864], but screen is actually [1920, 1080]. Using actual size
5.1718 	EXP 	Created window1 = Window(allowGUI=False, allowStencil=False, args=UNKNOWN, autoLog=True, bitsMode=UNKNOWN, blendMode='avg', color=array([0., 0., 0.]), colorSpace='rgb', fullscr=<method-wrapper '__getattribute__' of attributeSetter object at 0x0000020C27FE47B8>, gamma=None, gammaErrorPolicy='raise', kwargs=UNKNOWN, lms=UNKNOWN, monitor=<psychopy.monitors.calibTools.Monitor object at 0x0000020C280640B8>, multiSample=False, name='window1', numSamples=2, pos=[0.0, 0.0], screen=0, size=array([1920, 1080]), stereo=False, units='height', useFBO=True, useRetina=False, viewOri=0.0, viewPos=None, viewScale=None, waitBlanking=True, winType='pyglet')
5.1718 	EXP 	window1: recordFrameIntervals = False
5.3380 	EXP 	window1: recordFrameIntervals = True
5.5215 	EXP 	window1: recordFrameIntervals = False
5.5640 	EXP 	Created fixation_1 = TextStim(__class__=<class 'psychopy.visual.text.TextStim'>, alignHoriz='center', alignVert='center', antialias=True, autoLog=True, bold=False, color='white', colorSpace='named', contrast=1.0, depth=0.0, flipHoriz=False, flipVert=False, font='Arial', fontFiles=[], height=0.1, italic=False, languageStyle='LTR', name='fixation_1', opacity=1.0, ori=0, pos=array([0., 0.]), rgb=array([255., 255., 255.]), text='+', units='height', win=Window(...), wrapWidth=1)
5.5662 	EXP 	Created fixation_2 = TextStim(__class__=<class 'psychopy.visual.text.TextStim'>, alignHoriz='center', alignVert='center', antialias=True, autoLog=True, bold=False, color='white', colorSpace='named', contrast=1.0, depth=-1.0, flipHoriz=False, flipVert=False, font='Arial', fontFiles=[], height=0.1, italic=False, languageStyle='LTR', name='fixation_2', opacity=1.0, ori=0, pos=array([0., 0.]), rgb=array([255., 255., 255.]), text='+', units='height', win=Window(...), wrapWidth=1)
5.5943 	EXP 	Created cue = ImageStim(__class__=<class 'psychopy.visual.image.ImageStim'>, autoLog=True, color=array([1., 1., 1.]), colorSpace='rgb', contrast=1.0, depth=-2.0, flipHoriz=False, flipVert=False, image='images/arrow-left.png', interpolate=True, mask=None, maskParams=None, name='cue', opacity=1.0, ori=1.0, pos=array([0., 0.]), size=array([0.1, 0.1]), texRes=128, units='height', win=Window(...))
5.5979 	EXP 	Created target = ImageStim(__class__=<class 'psychopy.visual.image.ImageStim'>, autoLog=True, color=array([1., 1., 1.]), colorSpace='rgb', contrast=1.0, depth=-3.0, flipHoriz=False, flipVert=False, image='images/circle_red.png', interpolate=True, mask=None, maskParams=None, name='target', opacity=1.0, ori=0.0, pos=array([0., 0.]), size=array([0.15, 0.15]), texRes=128, units='height', win=Window(...))
5.6220 	EXP 	Created break_text = TextStim(__class__=<class 'psychopy.visual.text.TextStim'>, alignHoriz='center', alignVert='center', antialias=True, autoLog=True, bold=False, color='white', colorSpace='named', contrast=1.0, depth=0.0, flipHoriz=False, flipVert=False, font='Arial', fontFiles=[], height=0.1, italic=False, languageStyle='LTR', name='break_text', opacity=1.0, ori=0, pos=array([0., 0.]), rgb=array([255., 255., 255.]), text='Please take a minute break', units='height', win=Window(...), wrapWidth=1)
5.6225 	EXP 	Created sequence: random, trialTypes=1, nReps=3, seed=None
5.6974 	EXP 	New trial (rep=0, index=0): None
5.7037 	EXP 	Imported conditions.csv as conditions, 8 conditions, 5 params
5.7040 	EXP 	Created sequence: random, trialTypes=8, nReps=1, seed=None
5.8384 	EXP 	New trial (rep=0, index=0): OrderedDict([('targetX', 0.5), ('cueOri', 180), ('congr', 1), ('corrAns', 'right'), ('posner_type', 6)])
5.9079 	EXP 	cue: ori = 180.0
5.9079 	EXP 	target: pos = array([0.5, 0. ])
5.9079 	EXP 	fixation_1: autoDraw = True
6.3382 	EXP 	cue: autoDraw = True
6.4215 	EXP 	fixation_1: autoDraw = False
7.0381 	EXP 	fixation_2: autoDraw = True
7.0381 	EXP 	cue: autoDraw = False
7.5379 	EXP 	target: autoDraw = True
7.9716 	DATA 	Keypress: right
7.9760 	EXP 	New trial (rep=0, index=1): OrderedDict([('targetX', 0.5), ('cueOri', 180), ('congr', 1), ('corrAns', 'right'), ('posner_type', 6)])
7.9878 	EXP 	fixation_1: autoDraw = False
7.9878 	EXP 	fixation_2: autoDraw = False
7.9878 	EXP 	cue: autoDraw = False
7.9878 	EXP 	target: autoDraw = False
7.9878 	EXP 	cue: ori = 180.0
7.9878 	EXP 	target: pos = array([0.5, 0. ])
7.9878 	EXP 	fixation_1: autoDraw = True
8.4714 	EXP 	cue: autoDraw = True
8.4883 	EXP 	fixation_1: autoDraw = False
9.1714 	EXP 	fixation_2: autoDraw = True
9.1714 	EXP 	cue: autoDraw = False
9.6715 	EXP 	target: autoDraw = True
10.0057 	DATA 	Keypress: right
10.0075 	EXP 	New trial (rep=0, index=2): OrderedDict([('targetX', 0.5), ('cueOri', 180), ('congr', 1), ('corrAns', 'right'), ('posner_type', 6)])
10.0212 	EXP 	fixation_1: autoDraw = False
10.0212 	EXP 	fixation_2: autoDraw = False
10.0212 	EXP 	cue: autoDraw = False
10.0212 	EXP 	target: autoDraw = False
10.0212 	EXP 	cue: ori = 180.0
10.0212 	EXP 	target: pos = array([0.5, 0. ])
10.0212 	EXP 	fixation_1: autoDraw = True
10.5050 	EXP 	cue: autoDraw = True
10.5216 	EXP 	fixation_1: autoDraw = False
11.2055 	EXP 	fixation_2: autoDraw = True
11.2055 	EXP 	cue: autoDraw = False
11.7053 	EXP 	target: autoDraw = True
11.9728 	DATA 	Keypress: right
11.9752 	EXP 	New trial (rep=0, index=3): OrderedDict([('targetX', 0.5), ('cueOri', 0), ('congr', 0), ('corrAns', 'right'), ('posner_type', 8)])
11.9890 	EXP 	fixation_1: autoDraw = False
11.9890 	EXP 	fixation_2: autoDraw = False
11.9890 	EXP 	cue: autoDraw = False
11.9890 	EXP 	target: autoDraw = False
11.9890 	EXP 	cue: ori = 0.0
11.9890 	EXP 	target: pos = array([0.5, 0. ])
11.9890 	EXP 	fixation_1: autoDraw = True
12.4722 	EXP 	cue: autoDraw = True
12.4885 	EXP 	fixation_1: autoDraw = False
13.1723 	EXP 	fixation_2: autoDraw = True
13.1723 	EXP 	cue: autoDraw = False
13.6718 	EXP 	target: autoDraw = True
13.9557 	DATA 	Keypress: right
13.9569 	EXP 	New trial (rep=0, index=4): OrderedDict([('targetX', -0.5), ('cueOri', 0), ('congr', 1), ('corrAns', 'left'), ('posner_type', 2)])
13.9717 	EXP 	fixation_1: autoDraw = False
13.9717 	EXP 	fixation_2: autoDraw = False
13.9717 	EXP 	cue: autoDraw = False
13.9717 	EXP 	target: autoDraw = False
13.9717 	EXP 	cue: ori = 0.0
13.9717 	EXP 	target: pos = array([-0.5,  0. ])
13.9717 	EXP 	fixation_1: autoDraw = True
14.4556 	EXP 	cue: autoDraw = True
14.4716 	EXP 	fixation_1: autoDraw = False
15.1550 	EXP 	fixation_2: autoDraw = True
15.1550 	EXP 	cue: autoDraw = False
15.6547 	EXP 	target: autoDraw = True
15.9395 	DATA 	Keypress: left
15.9417 	EXP 	New trial (rep=0, index=5): OrderedDict([('targetX', -0.5), ('cueOri', 180), ('congr', 0), ('corrAns', 'left'), ('posner_type', 4)])
15.9547 	EXP 	fixation_1: autoDraw = False
15.9547 	EXP 	fixation_2: autoDraw = False
15.9547 	EXP 	cue: autoDraw = False
15.9547 	EXP 	target: autoDraw = False
15.9547 	EXP 	cue: ori = 180.0
15.9547 	EXP 	target: pos = array([-0.5,  0. ])
15.9547 	EXP 	fixation_1: autoDraw = True
16.4383 	EXP 	cue: autoDraw = True
16.4547 	EXP 	fixation_1: autoDraw = False
17.1384 	EXP 	fixation_2: autoDraw = True
17.1384 	EXP 	cue: autoDraw = False
17.6386 	EXP 	target: autoDraw = True
17.9087 	DATA 	Keypress: left
17.9111 	EXP 	New trial (rep=0, index=6): OrderedDict([('targetX', -0.5), ('cueOri', 0), ('congr', 1), ('corrAns', 'left'), ('posner_type', 2)])
17.9217 	EXP 	fixation_1: autoDraw = False
17.9217 	EXP 	fixation_2: autoDraw = False
17.9217 	EXP 	cue: autoDraw = False
17.9217 	EXP 	target: autoDraw = False
17.9217 	EXP 	cue: ori = 0.0
17.9217 	EXP 	target: pos = array([-0.5,  0. ])
17.9217 	EXP 	fixation_1: autoDraw = True
18.4049 	EXP 	cue: autoDraw = True
18.4213 	EXP 	fixation_1: autoDraw = False
19.1050 	EXP 	fixation_2: autoDraw = True
19.1050 	EXP 	cue: autoDraw = False
19.6065 	EXP 	target: autoDraw = True
19.8896 	DATA 	Keypress: left
19.8917 	EXP 	New trial (rep=0, index=7): OrderedDict([('targetX', -0.5), ('cueOri', 0), ('congr', 1), ('corrAns', 'left'), ('posner_type', 2)])
19.9050 	EXP 	fixation_1: autoDraw = False
19.9050 	EXP 	fixation_2: autoDraw = False
19.9050 	EXP 	cue: autoDraw = False
19.9050 	EXP 	target: autoDraw = False
19.9050 	EXP 	cue: ori = 0.0
19.9050 	EXP 	target: pos = array([-0.5,  0. ])
19.9050 	EXP 	fixation_1: autoDraw = True
20.3884 	EXP 	cue: autoDraw = True
20.4052 	EXP 	fixation_1: autoDraw = False
21.0880 	EXP 	fixation_2: autoDraw = True
21.0880 	EXP 	cue: autoDraw = False
21.5893 	EXP 	target: autoDraw = True
21.8223 	DATA 	Keypress: left
21.8380 	EXP 	fixation_1: autoDraw = False
21.8380 	EXP 	fixation_2: autoDraw = False
21.8380 	EXP 	cue: autoDraw = False
21.8380 	EXP 	target: autoDraw = False
21.8380 	EXP 	break_text: autoDraw = True
23.5056 	DATA 	Keypress: escape
23.6346 	EXP 	window1: mouseVisible = True
