3.5041 	WARNING 	Import Error: No module named 'psychtoolbox'. Using event module for keyboard component.
5.8251 	WARNING 	User requested fullscreen with size [1536  864], but screen is actually [1920, 1080]. Using actual size
6.7390 	EXP 	Created window1 = Window(allowGUI=False, allowStencil=False, args=UNKNOWN, autoLog=True, bitsMode=UNKNOWN, blendMode='avg', color=array([0., 0., 0.]), colorSpace='rgb', fullscr=<method-wrapper '__getattribute__' of attributeSetter object at 0x000001D02DFEB7B8>, gamma=None, kwargs=UNKNOWN, lms=UNKNOWN, monitor=<psychopy.monitors.calibTools.Monitor object at 0x000001D02E037E48>, multiSample=False, name='window1', numSamples=2, pos=[0.0, 0.0], screen=-1, size=array([1920, 1080]), stereo=False, units='height', useFBO=True, useRetina=False, viewOri=0.0, viewPos=None, viewScale=None, waitBlanking=True, winType='pyglet')
6.7390 	EXP 	window1: recordFrameIntervals = False
6.9053 	EXP 	window1: recordFrameIntervals = True
7.0889 	EXP 	window1: recordFrameIntervals = False
7.1271 	EXP 	Created fixation_1 = TextStim(__class__=<class 'psychopy.visual.text.TextStim'>, alignHoriz='center', alignVert='center', antialias=True, autoLog=True, bold=False, color='white', colorSpace='named', contrast=1.0, depth=0.0, flipHoriz=False, flipVert=False, font='Arial', fontFiles=[], height=0.1, italic=False, languageStyle='LTR', name='fixation_1', opacity=1.0, ori=0, pos=array([0., 0.]), rgb=array([255., 255., 255.]), text='+', units='height', win=Window(...), wrapWidth=1)
7.1292 	EXP 	Created fixation_2 = TextStim(__class__=<class 'psychopy.visual.text.TextStim'>, alignHoriz='center', alignVert='center', antialias=True, autoLog=True, bold=False, color='white', colorSpace='named', contrast=1.0, depth=-1.0, flipHoriz=False, flipVert=False, font='Arial', fontFiles=[], height=0.1, italic=False, languageStyle='LTR', name='fixation_2', opacity=1.0, ori=0, pos=array([0., 0.]), rgb=array([255., 255., 255.]), text='+', units='height', win=Window(...), wrapWidth=1)
7.3947 	EXP 	Created cue = ImageStim(__class__=<class 'psychopy.visual.image.ImageStim'>, autoLog=True, color=array([1., 1., 1.]), colorSpace='rgb', contrast=1.0, depth=-2.0, flipHoriz=False, flipVert=False, image='images/arrow-left.png', interpolate=True, mask=None, maskParams=None, name='cue', opacity=1.0, ori=1.0, pos=array([0., 0.]), size=array([0.1, 0.1]), texRes=128, units='height', win=Window(...))
7.4599 	EXP 	Created target = ImageStim(__class__=<class 'psychopy.visual.image.ImageStim'>, autoLog=True, color=array([1., 1., 1.]), colorSpace='rgb', contrast=1.0, depth=-3.0, flipHoriz=False, flipVert=False, image='images/circle_red.png', interpolate=True, mask=None, maskParams=None, name='target', opacity=1.0, ori=0.0, pos=array([0., 0.]), size=array([0.15, 0.15]), texRes=128, units='height', win=Window(...))
7.4876 	EXP 	Created break_text = TextStim(__class__=<class 'psychopy.visual.text.TextStim'>, alignHoriz='center', alignVert='center', antialias=True, autoLog=True, bold=False, color='white', colorSpace='named', contrast=1.0, depth=0.0, flipHoriz=False, flipVert=False, font='Arial', fontFiles=[], height=0.1, italic=False, languageStyle='LTR', name='break_text', opacity=1.0, ori=0, pos=array([0., 0.]), rgb=array([255., 255., 255.]), text='Please take a minute break', units='height', win=Window(...), wrapWidth=1)
7.5487 	EXP 	Created sequence: random, trialTypes=1, nReps=3, seed=None
7.6927 	EXP 	New trial (rep=0, index=0): None
7.8332 	EXP 	Imported conditions.csv as conditions, 8 conditions, 6 params
7.8439 	EXP 	Created sequence: random, trialTypes=8, nReps=1, seed=None
9.6833 	EXP 	New trial (rep=0, index=0): OrderedDict([('targetX', 0.5), ('cueOri', 0), ('congr', 0), ('corrAns', 'right'), ('pin_cue', 1), ('pin_target', 4)])
9.7621 	EXP 	cue: ori = 0.0
9.7621 	EXP 	target: pos = array([0.5, 0. ])
9.7621 	EXP 	fixation_1: autoDraw = True
10.1887 	EXP 	fixation_1: autoDraw = False
10.1919 	EXP 	New trial (rep=0, index=1): OrderedDict([('targetX', 0.5), ('cueOri', 180), ('congr', 1), ('corrAns', 'right'), ('pin_cue', 2), ('pin_target', 4)])
10.2053 	EXP 	fixation_1: autoDraw = False
10.2053 	EXP 	fixation_2: autoDraw = False
10.2053 	EXP 	cue: autoDraw = False
10.2053 	EXP 	target: autoDraw = False
10.2053 	EXP 	cue: ori = 180.0
10.2053 	EXP 	target: pos = array([0.5, 0. ])
10.2053 	EXP 	fixation_1: autoDraw = True
10.7054 	EXP 	fixation_1: autoDraw = False
10.7220 	EXP 	cue: autoDraw = True
11.4058 	EXP 	cue: autoDraw = False
11.4226 	EXP 	fixation_2: autoDraw = True
11.9226 	EXP 	target: autoDraw = True
12.2394 	DATA 	Keypress: right
12.2406 	EXP 	New trial (rep=0, index=2): OrderedDict([('targetX', -0.5), ('cueOri', 0), ('congr', 1), ('corrAns', 'left'), ('pin_cue', 1), ('pin_target', 3)])
12.2557 	EXP 	fixation_1: autoDraw = False
12.2557 	EXP 	fixation_2: autoDraw = False
12.2557 	EXP 	cue: autoDraw = False
12.2557 	EXP 	target: autoDraw = False
12.2557 	EXP 	cue: ori = 0.0
12.2557 	EXP 	target: pos = array([-0.5,  0. ])
12.2557 	EXP 	fixation_1: autoDraw = True
12.7558 	EXP 	fixation_1: autoDraw = False
12.7724 	EXP 	cue: autoDraw = True
13.4558 	EXP 	cue: autoDraw = False
13.4724 	EXP 	fixation_2: autoDraw = True
13.9725 	EXP 	target: autoDraw = True
14.2407 	DATA 	Keypress: left
14.2422 	EXP 	New trial (rep=0, index=3): OrderedDict([('targetX', -0.5), ('cueOri', 180), ('congr', 0), ('corrAns', 'left'), ('pin_cue', 2), ('pin_target', 3)])
14.2570 	EXP 	fixation_1: autoDraw = False
14.2570 	EXP 	fixation_2: autoDraw = False
14.2570 	EXP 	cue: autoDraw = False
14.2570 	EXP 	target: autoDraw = False
14.2570 	EXP 	cue: ori = 180.0
14.2570 	EXP 	target: pos = array([-0.5,  0. ])
14.2570 	EXP 	fixation_1: autoDraw = True
14.5573 	DATA 	Keypress: escape
14.7809 	EXP 	window1: mouseVisible = True
