2.4297 	WARNING 	Import Error: No module named 'psychtoolbox'. Using event module for keyboard component.
4.4886 	WARNING 	User requested fullscreen with size [1024  768], but screen is actually [1920, 1080]. Using actual size
5.3767 	EXP 	Created window1 = Window(allowGUI=False, allowStencil=False, args=UNKNOWN, autoLog=True, bitsMode=UNKNOWN, blendMode='avg', color=array([0., 0., 0.]), colorSpace='rgb', fullscr=<method-wrapper '__getattribute__' of attributeSetter object at 0x000001D395FB9550>, gamma=None, gammaErrorPolicy='raise', kwargs=UNKNOWN, lms=UNKNOWN, monitor=<psychopy.monitors.calibTools.Monitor object at 0x000001D396033DA0>, multiSample=False, name='window1', numSamples=2, pos=[0.0, 0.0], screen=1, size=array([1920, 1080]), stereo=False, units='height', useFBO=True, useRetina=False, viewOri=0.0, viewPos=None, viewScale=None, waitBlanking=True, winType='pyglet')
5.3767 	EXP 	window1: recordFrameIntervals = False
5.5431 	EXP 	window1: recordFrameIntervals = True
5.7264 	EXP 	window1: recordFrameIntervals = False
5.7583 	EXP 	Created fixation = TextStim(__class__=<class 'psychopy.visual.text.TextStim'>, alignHoriz='center', alignVert='center', antialias=True, autoLog=True, bold=False, color=array([255., 255., 255.]), colorSpace='rgb', contrast=1.0, depth=0.0, flipHoriz=False, flipVert=False, font='Arial', fontFiles=[], height=0.05, italic=False, languageStyle='LTR', name='fixation', opacity=1.0, ori=0, pos=array([0., 0.]), rgb=array([255., 255., 255.]), text='+', units='height', win=Window(...), wrapWidth=1)
5.7854 	EXP 	Created cue = ImageStim(__class__=<class 'psychopy.visual.image.ImageStim'>, autoLog=True, color=array([1., 1., 1.]), colorSpace='rgb', contrast=1.0, depth=-1.0, flipHoriz=False, flipVert=False, image='images/arrow-left.png', interpolate=True, mask=None, maskParams=None, name='cue', opacity=1.0, ori=1.0, pos=array([0., 0.]), size=array([0.2, 0.2]), texRes=128, units='height', win=Window(...))
5.7888 	EXP 	Created target = ImageStim(__class__=<class 'psychopy.visual.image.ImageStim'>, autoLog=True, color=array([1., 1., 1.]), colorSpace='rgb', contrast=1.0, depth=-2.0, flipHoriz=False, flipVert=False, image='images/circle_red.png', interpolate=True, mask=None, maskParams=None, name='target', opacity=1.0, ori=0.0, pos=array([0., 0.]), size=array([0.2, 0.2]), texRes=128, units='height', win=Window(...))
5.8100 	EXP 	Created break_text = TextStim(__class__=<class 'psychopy.visual.text.TextStim'>, alignHoriz='center', alignVert='center', antialias=True, autoLog=True, bold=False, color='white', colorSpace='named', contrast=1.0, depth=0.0, flipHoriz=False, flipVert=False, font='Arial', fontFiles=[], height=0.1, italic=False, languageStyle='LTR', name='break_text', opacity=1.0, ori=0, pos=array([0., 0.]), rgb=array([255., 255., 255.]), text='Please take a minute break', units='height', win=Window(...), wrapWidth=1)
5.8103 	EXP 	Created sequence: random, trialTypes=1, nReps=3, seed=None
5.8854 	EXP 	New trial (rep=0, index=0): None
5.8913 	EXP 	Imported conditions.csv as conditions, 8 conditions, 5 params
5.8926 	EXP 	Created sequence: random, trialTypes=8, nReps=88, seed=None
6.8974 	EXP 	New trial (rep=0, index=0): OrderedDict([('targetX', -0.5), ('cueOri', 0), ('congr', 1), ('corrAns', 'left'), ('posner_type', 2)])
6.9613 	EXP 	cue: ori = 0.0
6.9613 	EXP 	target: pos = array([-0.5,  0. ])
6.9613 	EXP 	fixation: autoDraw = True
7.3929 	EXP 	cue: autoDraw = True
8.0930 	EXP 	cue: autoDraw = False
8.5341 	EXP 	New trial (rep=0, index=1): OrderedDict([('targetX', 0.5), ('cueOri', 0), ('congr', 0), ('corrAns', 'right'), ('posner_type', 8)])
8.5429 	EXP 	fixation: autoDraw = False
8.5429 	EXP 	cue: autoDraw = False
8.5429 	EXP 	target: autoDraw = False
8.5429 	EXP 	cue: ori = 0.0
8.5429 	EXP 	target: pos = array([0.5, 0. ])
8.5429 	EXP 	fixation: autoDraw = True
9.0263 	EXP 	cue: autoDraw = True
9.7263 	EXP 	cue: autoDraw = False
10.2264 	EXP 	target: autoDraw = True
10.7265 	EXP 	target: autoDraw = False
10.8119 	DATA 	Keypress: right
10.8158 	EXP 	New trial (rep=0, index=2): OrderedDict([('targetX', 0.5), ('cueOri', 180), ('congr', 1), ('corrAns', 'right'), ('posner_type', 6)])
10.8265 	EXP 	fixation: autoDraw = False
10.8265 	EXP 	cue: autoDraw = False
10.8265 	EXP 	target: autoDraw = False
10.8265 	EXP 	cue: ori = 180.0
10.8265 	EXP 	target: pos = array([0.5, 0. ])
10.8265 	EXP 	fixation: autoDraw = True
11.3098 	EXP 	cue: autoDraw = True
12.0097 	EXP 	cue: autoDraw = False
12.5099 	EXP 	target: autoDraw = True
12.8268 	DATA 	Keypress: right
12.8311 	EXP 	New trial (rep=0, index=3): OrderedDict([('targetX', 0.5), ('cueOri', 180), ('congr', 1), ('corrAns', 'right'), ('posner_type', 6)])
12.8431 	EXP 	fixation: autoDraw = False
12.8431 	EXP 	cue: autoDraw = False
12.8431 	EXP 	target: autoDraw = False
12.8431 	EXP 	cue: ori = 180.0
12.8431 	EXP 	target: pos = array([0.5, 0. ])
12.8431 	EXP 	fixation: autoDraw = True
13.3264 	EXP 	cue: autoDraw = True
13.7100 	DATA 	Keypress: escape
13.9386 	EXP 	window1: mouseVisible = True
