2.6340 	WARNING 	Import Error: No module named 'psychtoolbox'. Using event module for keyboard component.
5.3347 	WARNING 	User requested fullscreen with size [1024  768], but screen is actually [1920, 1080]. Using actual size
6.2256 	EXP 	Created window1 = Window(allowGUI=False, allowStencil=False, args=UNKNOWN, autoLog=True, bitsMode=UNKNOWN, blendMode='avg', color=array([0., 0., 0.]), colorSpace='rgb', fullscr=<method-wrapper '__getattribute__' of attributeSetter object at 0x00000206A3401518>, gamma=None, gammaErrorPolicy='raise', kwargs=UNKNOWN, lms=UNKNOWN, monitor=<psychopy.monitors.calibTools.Monitor object at 0x00000206A3463DD8>, multiSample=False, name='window1', numSamples=2, pos=[0.0, 0.0], screen=0, size=array([1920, 1080]), stereo=False, units='height', useFBO=True, useRetina=False, viewOri=0.0, viewPos=None, viewScale=None, waitBlanking=True, winType='pyglet')
6.2256 	EXP 	window1: recordFrameIntervals = False
6.3916 	EXP 	window1: recordFrameIntervals = True
6.5751 	EXP 	window1: recordFrameIntervals = False
6.6965 	EXP 	Created fixation = TextStim(__class__=<class 'psychopy.visual.text.TextStim'>, alignHoriz='center', alignVert='center', antialias=True, autoLog=True, bold=False, color=array([255., 255., 255.]), colorSpace='rgb', contrast=1.0, depth=0.0, flipHoriz=False, flipVert=False, font='Arial', fontFiles=[], height=0.05, italic=False, languageStyle='LTR', name='fixation', opacity=1.0, ori=0, pos=array([0., 0.]), rgb=array([255., 255., 255.]), text='+', units='height', win=Window(...), wrapWidth=1)
6.7408 	EXP 	Created cue = ImageStim(__class__=<class 'psychopy.visual.image.ImageStim'>, autoLog=True, color=array([1., 1., 1.]), colorSpace='rgb', contrast=1.0, depth=-1.0, flipHoriz=False, flipVert=False, image='images/arrow-left.png', interpolate=True, mask=None, maskParams=None, name='cue', opacity=1.0, ori=1.0, pos=array([0., 0.]), size=array([0.2, 0.2]), texRes=128, units='height', win=Window(...))
6.7442 	EXP 	Created target = ImageStim(__class__=<class 'psychopy.visual.image.ImageStim'>, autoLog=True, color=array([1., 1., 1.]), colorSpace='rgb', contrast=1.0, depth=-2.0, flipHoriz=False, flipVert=False, image='images/circle_red.png', interpolate=True, mask=None, maskParams=None, name='target', opacity=1.0, ori=0.0, pos=array([0., 0.]), size=array([0.2, 0.2]), texRes=128, units='height', win=Window(...))
6.7739 	EXP 	Created break_text = TextStim(__class__=<class 'psychopy.visual.text.TextStim'>, alignHoriz='center', alignVert='center', antialias=True, autoLog=True, bold=False, color='white', colorSpace='named', contrast=1.0, depth=0.0, flipHoriz=False, flipVert=False, font='Arial', fontFiles=[], height=0.1, italic=False, languageStyle='LTR', name='break_text', opacity=1.0, ori=0, pos=array([0., 0.]), rgb=array([255., 255., 255.]), text='Please take a minute break', units='height', win=Window(...), wrapWidth=1)
6.7742 	EXP 	Created sequence: random, trialTypes=1, nReps=3, seed=None
6.8445 	EXP 	New trial (rep=0, index=0): None
6.8519 	EXP 	Imported conditions.csv as conditions, 8 conditions, 5 params
6.8522 	EXP 	Created sequence: random, trialTypes=8, nReps=1, seed=None
6.9842 	EXP 	New trial (rep=0, index=0): OrderedDict([('targetX', 0.5), ('cueOri', 180), ('congr', 1), ('corrAns', 'right'), ('posner_type', 6)])
7.0569 	EXP 	cue: ori = 180.0
7.0569 	EXP 	target: pos = array([0.5, 0. ])
7.0569 	EXP 	fixation: autoDraw = True
7.4915 	EXP 	cue: autoDraw = True
8.1920 	EXP 	cue: autoDraw = False
8.3592 	DATA 	Keypress: right
8.6920 	EXP 	target: autoDraw = True
9.1918 	EXP 	target: autoDraw = False
9.4791 	EXP 	New trial (rep=0, index=1): OrderedDict([('targetX', 0.5), ('cueOri', 180), ('congr', 1), ('corrAns', 'right'), ('posner_type', 6)])
9.4919 	EXP 	fixation: autoDraw = False
9.4919 	EXP 	cue: autoDraw = False
9.4919 	EXP 	target: autoDraw = False
9.4919 	EXP 	cue: ori = 180.0
9.4919 	EXP 	target: pos = array([0.5, 0. ])
9.4919 	EXP 	fixation: autoDraw = True
9.9757 	EXP 	cue: autoDraw = True
10.6763 	EXP 	cue: autoDraw = False
11.1757 	EXP 	target: autoDraw = True
11.5094 	DATA 	Keypress: right
11.5115 	EXP 	New trial (rep=0, index=2): OrderedDict([('targetX', -0.5), ('cueOri', 180), ('congr', 0), ('corrAns', 'left'), ('posner_type', 4)])
11.5252 	EXP 	fixation: autoDraw = False
11.5252 	EXP 	cue: autoDraw = False
11.5252 	EXP 	target: autoDraw = False
11.5252 	EXP 	cue: ori = 180.0
11.5252 	EXP 	target: pos = array([-0.5,  0. ])
11.5252 	EXP 	fixation: autoDraw = True
12.0088 	EXP 	cue: autoDraw = True
12.7087 	EXP 	cue: autoDraw = False
13.2094 	EXP 	target: autoDraw = True
13.5430 	DATA 	Keypress: left
13.5447 	EXP 	New trial (rep=0, index=3): OrderedDict([('targetX', -0.5), ('cueOri', 0), ('congr', 1), ('corrAns', 'left'), ('posner_type', 2)])
13.5591 	EXP 	fixation: autoDraw = False
13.5591 	EXP 	cue: autoDraw = False
13.5591 	EXP 	target: autoDraw = False
13.5591 	EXP 	cue: ori = 0.0
13.5591 	EXP 	target: pos = array([-0.5,  0. ])
13.5591 	EXP 	fixation: autoDraw = True
14.0425 	EXP 	cue: autoDraw = True
14.7421 	EXP 	cue: autoDraw = False
15.2422 	EXP 	target: autoDraw = True
15.5096 	DATA 	Keypress: left
15.5108 	EXP 	New trial (rep=0, index=4): OrderedDict([('targetX', -0.5), ('cueOri', 0), ('congr', 1), ('corrAns', 'left'), ('posner_type', 2)])
15.5254 	EXP 	fixation: autoDraw = False
15.5254 	EXP 	cue: autoDraw = False
15.5254 	EXP 	target: autoDraw = False
15.5254 	EXP 	cue: ori = 0.0
15.5254 	EXP 	target: pos = array([-0.5,  0. ])
15.5254 	EXP 	fixation: autoDraw = True
16.0084 	EXP 	cue: autoDraw = True
16.7088 	EXP 	cue: autoDraw = False
17.2088 	EXP 	target: autoDraw = True
17.5259 	DATA 	Keypress: left
17.5284 	EXP 	New trial (rep=0, index=5): OrderedDict([('targetX', 0.5), ('cueOri', 180), ('congr', 1), ('corrAns', 'right'), ('posner_type', 6)])
17.5422 	EXP 	fixation: autoDraw = False
17.5422 	EXP 	cue: autoDraw = False
17.5422 	EXP 	target: autoDraw = False
17.5422 	EXP 	cue: ori = 180.0
17.5422 	EXP 	target: pos = array([0.5, 0. ])
17.5422 	EXP 	fixation: autoDraw = True
18.0254 	EXP 	cue: autoDraw = True
18.7261 	EXP 	cue: autoDraw = False
19.2266 	EXP 	target: autoDraw = True
19.4754 	DATA 	Keypress: right
19.4769 	EXP 	New trial (rep=0, index=6): OrderedDict([('targetX', 0.5), ('cueOri', 0), ('congr', 0), ('corrAns', 'right'), ('posner_type', 8)])
19.4917 	EXP 	fixation: autoDraw = False
19.4917 	EXP 	cue: autoDraw = False
19.4917 	EXP 	target: autoDraw = False
19.4917 	EXP 	cue: ori = 0.0
19.4917 	EXP 	target: pos = array([0.5, 0. ])
19.4917 	EXP 	fixation: autoDraw = True
19.9754 	EXP 	cue: autoDraw = True
20.6756 	EXP 	cue: autoDraw = False
21.1756 	EXP 	target: autoDraw = True
21.5093 	DATA 	Keypress: right
21.5121 	EXP 	New trial (rep=0, index=7): OrderedDict([('targetX', -0.5), ('cueOri', 0), ('congr', 1), ('corrAns', 'left'), ('posner_type', 2)])
21.5256 	EXP 	fixation: autoDraw = False
21.5256 	EXP 	cue: autoDraw = False
21.5256 	EXP 	target: autoDraw = False
21.5256 	EXP 	cue: ori = 0.0
21.5256 	EXP 	target: pos = array([-0.5,  0. ])
21.5256 	EXP 	fixation: autoDraw = True
22.0089 	EXP 	cue: autoDraw = True
22.7085 	EXP 	cue: autoDraw = False
23.2089 	EXP 	target: autoDraw = True
23.4592 	DATA 	Keypress: left
23.4751 	EXP 	fixation: autoDraw = False
23.4751 	EXP 	cue: autoDraw = False
23.4751 	EXP 	target: autoDraw = False
23.4751 	EXP 	break_text: autoDraw = True
32.3434 	DATA 	Mouse: Left button down, pos=(835,561)
32.4300 	DATA 	Mouse:  Left button up, pos=(835,561)
32.4631 	DATA 	Keypress: escape
32.6057 	EXP 	window1: mouseVisible = True
