2.4836 	WARNING 	Import Error: No module named 'psychtoolbox'. Using event module for keyboard component.
4.6895 	WARNING 	User requested fullscreen with size [1024  768], but screen is actually [1920, 1080]. Using actual size
5.5859 	EXP 	Created window1 = Window(allowGUI=False, allowStencil=False, args=UNKNOWN, autoLog=True, bitsMode=UNKNOWN, blendMode='avg', color=array([0., 0., 0.]), colorSpace='rgb', fullscr=<method-wrapper '__getattribute__' of attributeSetter object at 0x0000023FB96A8588>, gamma=None, gammaErrorPolicy='raise', kwargs=UNKNOWN, lms=UNKNOWN, monitor=<psychopy.monitors.calibTools.Monitor object at 0x0000023FB9722DD8>, multiSample=False, name='window1', numSamples=2, pos=[0.0, 0.0], screen=0, size=array([1920, 1080]), stereo=False, units='height', useFBO=True, useRetina=False, viewOri=0.0, viewPos=None, viewScale=None, waitBlanking=True, winType='pyglet')
5.5860 	EXP 	window1: recordFrameIntervals = False
5.7520 	EXP 	window1: recordFrameIntervals = True
5.9358 	EXP 	window1: recordFrameIntervals = False
5.9725 	EXP 	Created fixation = TextStim(__class__=<class 'psychopy.visual.text.TextStim'>, alignHoriz='center', alignVert='center', antialias=True, autoLog=True, bold=False, color='white', colorSpace='named', contrast=1.0, depth=0.0, flipHoriz=False, flipVert=False, font='Arial', fontFiles=[], height=0.05, italic=False, languageStyle='LTR', name='fixation', opacity=1.0, ori=0, pos=array([0., 0.]), rgb=array([255., 255., 255.]), text='+', units='height', win=Window(...), wrapWidth=1)
6.0003 	EXP 	Created cue = ImageStim(__class__=<class 'psychopy.visual.image.ImageStim'>, autoLog=True, color=array([1., 1., 1.]), colorSpace='rgb', contrast=1.0, depth=-1.0, flipHoriz=False, flipVert=False, image='images/arrow-left.png', interpolate=True, mask=None, maskParams=None, name='cue', opacity=1.0, ori=1.0, pos=array([0., 0.]), size=array([0.1, 0.1]), texRes=128, units='height', win=Window(...))
6.0036 	EXP 	Created target = ImageStim(__class__=<class 'psychopy.visual.image.ImageStim'>, autoLog=True, color=array([1., 1., 1.]), colorSpace='rgb', contrast=1.0, depth=-2.0, flipHoriz=False, flipVert=False, image='images/circle_red.png', interpolate=True, mask=None, maskParams=None, name='target', opacity=1.0, ori=0.0, pos=array([0., 0.]), size=array([0.2, 0.2]), texRes=128, units='height', win=Window(...))
6.0207 	EXP 	Created break_text = TextStim(__class__=<class 'psychopy.visual.text.TextStim'>, alignHoriz='center', alignVert='center', antialias=True, autoLog=True, bold=False, color='white', colorSpace='named', contrast=1.0, depth=0.0, flipHoriz=False, flipVert=False, font='Arial', fontFiles=[], height=0.1, italic=False, languageStyle='LTR', name='break_text', opacity=1.0, ori=0, pos=array([0., 0.]), rgb=array([255., 255., 255.]), text='Please take a minute break', units='height', win=Window(...), wrapWidth=1)
6.0210 	EXP 	Created sequence: random, trialTypes=1, nReps=3, seed=None
6.0934 	EXP 	New trial (rep=0, index=0): None
6.0990 	EXP 	Imported conditions.csv as conditions, 8 conditions, 5 params
6.0992 	EXP 	Created sequence: random, trialTypes=8, nReps=1, seed=None
6.2374 	EXP 	New trial (rep=0, index=0): OrderedDict([('targetX', 0.5), ('cueOri', 180), ('congr', 1), ('corrAns', 'right'), ('posner_type', 6)])
6.3059 	EXP 	cue: ori = 180.0
6.3059 	EXP 	target: pos = array([0.5, 0. ])
6.3059 	EXP 	fixation: autoDraw = True
6.7354 	EXP 	cue: autoDraw = True
7.4355 	EXP 	cue: autoDraw = False
7.9359 	EXP 	target: autoDraw = True
8.3033 	DATA 	Keypress: right
8.3073 	EXP 	New trial (rep=0, index=1): OrderedDict([('targetX', 0.5), ('cueOri', 180), ('congr', 1), ('corrAns', 'right'), ('posner_type', 6)])
8.3186 	EXP 	fixation: autoDraw = False
8.3186 	EXP 	cue: autoDraw = False
8.3186 	EXP 	target: autoDraw = False
8.3186 	EXP 	cue: ori = 180.0
8.3186 	EXP 	target: pos = array([0.5, 0. ])
8.3186 	EXP 	fixation: autoDraw = True
8.8021 	EXP 	cue: autoDraw = True
9.5023 	EXP 	cue: autoDraw = False
10.0023 	EXP 	target: autoDraw = True
10.3204 	DATA 	Keypress: right
10.3220 	EXP 	New trial (rep=0, index=2): OrderedDict([('targetX', 0.5), ('cueOri', 180), ('congr', 1), ('corrAns', 'right'), ('posner_type', 6)])
10.3361 	EXP 	fixation: autoDraw = False
10.3361 	EXP 	cue: autoDraw = False
10.3361 	EXP 	target: autoDraw = False
10.3361 	EXP 	cue: ori = 180.0
10.3361 	EXP 	target: pos = array([0.5, 0. ])
10.3361 	EXP 	fixation: autoDraw = True
10.8199 	EXP 	cue: autoDraw = True
11.5197 	EXP 	cue: autoDraw = False
12.0198 	EXP 	target: autoDraw = True
12.2869 	DATA 	Keypress: right
12.2897 	EXP 	New trial (rep=0, index=3): OrderedDict([('targetX', -0.5), ('cueOri', 0), ('congr', 1), ('corrAns', 'left'), ('posner_type', 2)])
12.3032 	EXP 	fixation: autoDraw = False
12.3032 	EXP 	cue: autoDraw = False
12.3032 	EXP 	target: autoDraw = False
12.3032 	EXP 	cue: ori = 0.0
12.3032 	EXP 	target: pos = array([-0.5,  0. ])
12.3032 	EXP 	fixation: autoDraw = True
12.7858 	EXP 	cue: autoDraw = True
13.4859 	EXP 	cue: autoDraw = False
13.9861 	EXP 	target: autoDraw = True
14.3037 	DATA 	Keypress: left
14.3058 	EXP 	New trial (rep=0, index=4): OrderedDict([('targetX', -0.5), ('cueOri', 180), ('congr', 0), ('corrAns', 'left'), ('posner_type', 4)])
14.3197 	EXP 	fixation: autoDraw = False
14.3197 	EXP 	cue: autoDraw = False
14.3197 	EXP 	target: autoDraw = False
14.3197 	EXP 	cue: ori = 180.0
14.3197 	EXP 	target: pos = array([-0.5,  0. ])
14.3197 	EXP 	fixation: autoDraw = True
14.8035 	EXP 	cue: autoDraw = True
15.5188 	EXP 	cue: autoDraw = False
16.0021 	EXP 	target: autoDraw = True
16.1395 	DATA 	Keypress: right
16.1407 	EXP 	New trial (rep=0, index=5): OrderedDict([('targetX', 0.5), ('cueOri', 0), ('congr', 0), ('corrAns', 'right'), ('posner_type', 8)])
16.1521 	EXP 	fixation: autoDraw = False
16.1521 	EXP 	cue: autoDraw = False
16.1521 	EXP 	target: autoDraw = False
16.1521 	EXP 	cue: ori = 0.0
16.1521 	EXP 	target: pos = array([0.5, 0. ])
16.1521 	EXP 	fixation: autoDraw = True
16.6355 	EXP 	cue: autoDraw = True
17.3373 	EXP 	cue: autoDraw = False
17.8360 	EXP 	target: autoDraw = True
18.1032 	DATA 	Keypress: right
18.1050 	EXP 	New trial (rep=0, index=6): OrderedDict([('targetX', -0.5), ('cueOri', 0), ('congr', 1), ('corrAns', 'left'), ('posner_type', 2)])
18.1193 	EXP 	fixation: autoDraw = False
18.1193 	EXP 	cue: autoDraw = False
18.1193 	EXP 	target: autoDraw = False
18.1193 	EXP 	cue: ori = 0.0
18.1193 	EXP 	target: pos = array([-0.5,  0. ])
18.1193 	EXP 	fixation: autoDraw = True
18.6021 	EXP 	cue: autoDraw = True
19.3028 	EXP 	cue: autoDraw = False
19.8022 	EXP 	target: autoDraw = True
19.9901 	DATA 	Keypress: left
19.9913 	EXP 	New trial (rep=0, index=7): OrderedDict([('targetX', -0.5), ('cueOri', 0), ('congr', 1), ('corrAns', 'left'), ('posner_type', 2)])
20.0026 	EXP 	fixation: autoDraw = False
20.0026 	EXP 	cue: autoDraw = False
20.0026 	EXP 	target: autoDraw = False
20.0026 	EXP 	cue: ori = 0.0
20.0026 	EXP 	target: pos = array([-0.5,  0. ])
20.0026 	EXP 	fixation: autoDraw = True
20.4860 	EXP 	cue: autoDraw = True
21.1869 	EXP 	cue: autoDraw = False
21.6860 	EXP 	target: autoDraw = True
21.9032 	DATA 	Keypress: left
21.9193 	EXP 	fixation: autoDraw = False
21.9193 	EXP 	cue: autoDraw = False
21.9193 	EXP 	target: autoDraw = False
21.9193 	EXP 	break_text: autoDraw = True
23.3046 	DATA 	Keypress: escape
23.4622 	EXP 	window1: mouseVisible = True
