6.1572 	WARNING 	User requested fullscreen with size [1024  768], but screen is actually [1920, 1080]. Using actual size
7.0204 	EXP 	Created window1 = Window(allowGUI=False, allowStencil=False, args=UNKNOWN, autoLog=True, bitsMode=UNKNOWN, blendMode='avg', color=array([0., 0., 0.]), colorSpace='rgb', fullscr=<method-wrapper '__getattribute__' of attributeSetter object at 0x00000188B33CEEB8>, gamma=None, gammaErrorPolicy='raise', kwargs=UNKNOWN, lms=UNKNOWN, monitor=<psychopy.monitors.calibTools.Monitor object at 0x00000188B30C8BA8>, multiSample=False, name='window1', numSamples=2, pos=[0.0, 0.0], screen=0, size=array([1920, 1080]), stereo=False, units='height', useFBO=True, useRetina=False, viewOri=0.0, viewPos=None, viewScale=None, waitBlanking=True, winType='pyglet')
7.0204 	EXP 	window1: recordFrameIntervals = False
7.1866 	EXP 	window1: recordFrameIntervals = True
7.3701 	EXP 	window1: recordFrameIntervals = False
7.5577 	EXP 	Created fixation = TextStim(__class__=<class 'psychopy.visual.text.TextStim'>, alignHoriz='center', alignVert='center', antialias=True, autoLog=True, bold=False, color='white', colorSpace='named', contrast=1.0, depth=0.0, flipHoriz=False, flipVert=False, font='Arial', fontFiles=[], height=0.1, italic=False, languageStyle='LTR', name='fixation', opacity=1.0, ori=0, pos=array([0., 0.]), rgb=array([255., 255., 255.]), text='+', units='height', win=Window(...), wrapWidth=1)
7.5613 	EXP 	Created cue = ImageStim(__class__=<class 'psychopy.visual.image.ImageStim'>, autoLog=True, color=array([1., 1., 1.]), colorSpace='rgb', contrast=1.0, depth=-1.0, flipHoriz=False, flipVert=False, image='images/arrow-left.png', interpolate=True, mask=None, maskParams=None, name='cue', opacity=1.0, ori=1.0, pos=array([0., 0.]), size=array([0.2, 0.2]), texRes=128, units='height', win=Window(...))
7.5636 	EXP 	Created target = ImageStim(__class__=<class 'psychopy.visual.image.ImageStim'>, autoLog=True, color=array([1., 1., 1.]), colorSpace='rgb', contrast=1.0, depth=-2.0, flipHoriz=False, flipVert=False, image='images/circle_red.png', interpolate=True, mask=None, maskParams=None, name='target', opacity=1.0, ori=0.0, pos=array([0., 0.]), size=array([0.2, 0.2]), texRes=128, units='height', win=Window(...))
7.5860 	EXP 	Imported conditions.csv as conditions, 10 conditions, 4 params
7.5864 	EXP 	Created sequence: random, trialTypes=10, nReps=1, seed=None
7.5867 	EXP 	New trial (rep=0, index=0): OrderedDict([('targetX', -0.5), ('cueOri', 0), ('congr', 1), ('corrAns', 'left')])
7.6735 	EXP 	cue: ori = 0.0
7.6735 	EXP 	target: pos = array([-0.5,  0. ])
7.6735 	EXP 	fixation: autoDraw = True
8.5857 	EXP 	cue: autoDraw = True
8.6859 	EXP 	fixation: autoDraw = False
9.0691 	EXP 	target: autoDraw = True
9.0857 	EXP 	cue: autoDraw = False
9.4413 	EXP 	New trial (rep=0, index=1): OrderedDict([('targetX', -0.5), ('cueOri', 0), ('congr', 1), ('corrAns', 'left')])
9.4439 	DATA 	Keypress: left
9.4523 	EXP 	fixation: autoDraw = False
9.4523 	EXP 	cue: autoDraw = False
9.4523 	EXP 	target: autoDraw = False
9.4523 	EXP 	cue: ori = 0.0
9.4523 	EXP 	target: pos = array([-0.5,  0. ])
9.4523 	EXP 	fixation: autoDraw = True
10.4368 	EXP 	cue: autoDraw = True
10.4529 	EXP 	fixation: autoDraw = False
10.9364 	EXP 	cue: autoDraw = False
10.9364 	EXP 	target: autoDraw = True
11.2416 	EXP 	New trial (rep=0, index=2): OrderedDict([('targetX', -0.5), ('cueOri', 0), ('congr', 1), ('corrAns', 'left')])
11.2444 	DATA 	Keypress: left
11.2528 	EXP 	fixation: autoDraw = False
11.2528 	EXP 	cue: autoDraw = False
11.2528 	EXP 	target: autoDraw = False
11.2528 	EXP 	cue: ori = 0.0
11.2528 	EXP 	target: pos = array([-0.5,  0. ])
11.2528 	EXP 	fixation: autoDraw = True
12.2363 	EXP 	cue: autoDraw = True
12.2531 	EXP 	fixation: autoDraw = False
12.7362 	EXP 	cue: autoDraw = False
12.7362 	EXP 	target: autoDraw = True
13.0410 	EXP 	New trial (rep=0, index=3): OrderedDict([('targetX', -0.5), ('cueOri', 180), ('congr', 0), ('corrAns', 'left')])
13.0435 	DATA 	Keypress: left
13.0528 	EXP 	fixation: autoDraw = False
13.0528 	EXP 	cue: autoDraw = False
13.0528 	EXP 	target: autoDraw = False
13.0528 	EXP 	cue: ori = 180.0
13.0528 	EXP 	target: pos = array([-0.5,  0. ])
13.0528 	EXP 	fixation: autoDraw = True
14.0376 	EXP 	cue: autoDraw = True
14.0541 	EXP 	fixation: autoDraw = False
14.5375 	EXP 	cue: autoDraw = False
14.5375 	EXP 	target: autoDraw = True
15.0590 	EXP 	New trial (rep=0, index=4): OrderedDict([('targetX', 0.5), ('cueOri', 180), ('congr', 1), ('corrAns', 'right')])
15.0613 	DATA 	Keypress: left
15.0708 	EXP 	fixation: autoDraw = False
15.0708 	EXP 	cue: autoDraw = False
15.0708 	EXP 	target: autoDraw = False
15.0708 	EXP 	cue: ori = 180.0
15.0708 	EXP 	target: pos = array([0.5, 0. ])
15.0708 	EXP 	fixation: autoDraw = True
16.0542 	EXP 	cue: autoDraw = True
16.0708 	EXP 	fixation: autoDraw = False
16.5542 	EXP 	cue: autoDraw = False
16.5542 	EXP 	target: autoDraw = True
16.8433 	EXP 	New trial (rep=0, index=5): OrderedDict([('targetX', 0.5), ('cueOri', 180), ('congr', 1), ('corrAns', 'right')])
16.8457 	DATA 	Keypress: right
16.8552 	EXP 	fixation: autoDraw = False
16.8552 	EXP 	cue: autoDraw = False
16.8552 	EXP 	target: autoDraw = False
16.8552 	EXP 	cue: ori = 180.0
16.8552 	EXP 	target: pos = array([0.5, 0. ])
16.8552 	EXP 	fixation: autoDraw = True
17.8387 	EXP 	cue: autoDraw = True
17.8553 	EXP 	fixation: autoDraw = False
18.3386 	EXP 	cue: autoDraw = False
18.3386 	EXP 	target: autoDraw = True
18.6433 	EXP 	New trial (rep=0, index=6): OrderedDict([('targetX', -0.5), ('cueOri', 0), ('congr', 1), ('corrAns', 'left')])
18.6455 	DATA 	Keypress: right
18.6718 	EXP 	fixation: autoDraw = False
18.6718 	EXP 	cue: autoDraw = False
18.6718 	EXP 	target: autoDraw = False
18.6718 	EXP 	cue: ori = 0.0
18.6718 	EXP 	target: pos = array([-0.5,  0. ])
18.6718 	EXP 	fixation: autoDraw = True
19.6391 	EXP 	cue: autoDraw = True
19.6722 	EXP 	fixation: autoDraw = False
20.1389 	EXP 	cue: autoDraw = False
20.1389 	EXP 	target: autoDraw = True
20.2934 	EXP 	New trial (rep=0, index=7): OrderedDict([('targetX', 0.5), ('cueOri', 180), ('congr', 1), ('corrAns', 'right')])
20.2959 	DATA 	Keypress: left
20.3049 	EXP 	fixation: autoDraw = False
20.3049 	EXP 	cue: autoDraw = False
20.3049 	EXP 	target: autoDraw = False
20.3049 	EXP 	cue: ori = 180.0
20.3049 	EXP 	target: pos = array([0.5, 0. ])
20.3049 	EXP 	fixation: autoDraw = True
21.2893 	EXP 	cue: autoDraw = True
21.3057 	EXP 	fixation: autoDraw = False
21.7893 	EXP 	cue: autoDraw = False
21.7893 	EXP 	target: autoDraw = True
22.0440 	EXP 	New trial (rep=0, index=8): OrderedDict([('targetX', 0.5), ('cueOri', 0), ('congr', 0), ('corrAns', 'right')])
22.0466 	DATA 	Keypress: right
22.0550 	EXP 	fixation: autoDraw = False
22.0550 	EXP 	cue: autoDraw = False
22.0550 	EXP 	target: autoDraw = False
22.0550 	EXP 	cue: ori = 0.0
22.0550 	EXP 	target: pos = array([0.5, 0. ])
22.0550 	EXP 	fixation: autoDraw = True
23.0392 	EXP 	cue: autoDraw = True
23.0558 	EXP 	fixation: autoDraw = False
23.5390 	EXP 	cue: autoDraw = False
23.5390 	EXP 	target: autoDraw = True
24.0433 	EXP 	New trial (rep=0, index=9): OrderedDict([('targetX', 0.5), ('cueOri', 180), ('congr', 1), ('corrAns', 'right')])
24.0457 	DATA 	Keypress: right
24.0555 	EXP 	fixation: autoDraw = False
24.0555 	EXP 	cue: autoDraw = False
24.0555 	EXP 	target: autoDraw = False
24.0555 	EXP 	cue: ori = 180.0
24.0555 	EXP 	target: pos = array([0.5, 0. ])
24.0555 	EXP 	fixation: autoDraw = True
25.0386 	EXP 	cue: autoDraw = True
25.0552 	EXP 	fixation: autoDraw = False
25.5393 	EXP 	cue: autoDraw = False
25.5393 	EXP 	target: autoDraw = True
25.7599 	DATA 	Keypress: right
25.7890 	EXP 	fixation: autoDraw = False
25.7890 	EXP 	cue: autoDraw = False
25.7890 	EXP 	target: autoDraw = False
25.9121 	EXP 	window1: mouseVisible = True
