5.1040 	WARNING 	User requested fullscreen with size [1024  768], but screen is actually [1920, 1080]. Using actual size
6.1816 	EXP 	Created window1 = Window(allowGUI=False, allowStencil=False, args=UNKNOWN, autoLog=True, bitsMode=UNKNOWN, blendMode='avg', color=array([0., 0., 0.]), colorSpace='rgb', fullscr=<method-wrapper '__getattribute__' of attributeSetter object at 0x000001B98F021F28>, gamma=None, gammaErrorPolicy='raise', kwargs=UNKNOWN, lms=UNKNOWN, monitor=<psychopy.monitors.calibTools.Monitor object at 0x000001B98ED59C18>, multiSample=False, name='window1', numSamples=2, pos=[0.0, 0.0], screen=1, size=array([1920, 1080]), stereo=False, units='height', useFBO=True, useRetina=False, viewOri=0.0, viewPos=None, viewScale=None, waitBlanking=True, winType='pyglet')
6.1816 	EXP 	window1: recordFrameIntervals = False
6.3475 	EXP 	window1: recordFrameIntervals = True
6.5308 	EXP 	window1: recordFrameIntervals = False
6.7141 	EXP 	Created fixation = TextStim(__class__=<class 'psychopy.visual.text.TextStim'>, alignHoriz='center', alignVert='center', antialias=True, autoLog=True, bold=False, color='white', colorSpace='named', contrast=1.0, depth=0.0, flipHoriz=False, flipVert=False, font='Arial', fontFiles=[], height=0.1, italic=False, languageStyle='LTR', name='fixation', opacity=1.0, ori=0, pos=array([0., 0.]), rgb=array([255., 255., 255.]), text='+', units='height', win=Window(...), wrapWidth=1)
6.7176 	EXP 	Created cue = ImageStim(__class__=<class 'psychopy.visual.image.ImageStim'>, autoLog=True, color=array([1., 1., 1.]), colorSpace='rgb', contrast=1.0, depth=-1.0, flipHoriz=False, flipVert=False, image='images/arrow-left.png', interpolate=True, mask=None, maskParams=None, name='cue', opacity=1.0, ori=1.0, pos=array([0., 0.]), size=array([0.2, 0.2]), texRes=128, units='height', win=Window(...))
6.7199 	EXP 	Created target = ImageStim(__class__=<class 'psychopy.visual.image.ImageStim'>, autoLog=True, color=array([1., 1., 1.]), colorSpace='rgb', contrast=1.0, depth=-2.0, flipHoriz=False, flipVert=False, image='images/circle_red.png', interpolate=True, mask=None, maskParams=None, name='target', opacity=1.0, ori=0.0, pos=array([0., 0.]), size=array([0.2, 0.2]), texRes=128, units='height', win=Window(...))
6.7418 	EXP 	Imported conditions.csv as conditions, 2 conditions, 4 params
6.7422 	EXP 	Created sequence: random, trialTypes=2, nReps=1, seed=None
6.7425 	EXP 	New trial (rep=0, index=0): OrderedDict([('targetX', -0.5), ('cueOri', 0), ('congr', 1), ('corrAns', 'left')])
6.8321 	EXP 	cue: ori = 0.0
6.8321 	EXP 	target: pos = array([-0.5,  0. ])
6.8321 	EXP 	fixation: autoDraw = True
7.7474 	EXP 	cue: autoDraw = True
7.8474 	EXP 	fixation: autoDraw = False
8.1165 	DATA 	Keypress: left
8.2473 	EXP 	cue: autoDraw = False
8.2473 	EXP 	target: autoDraw = True
8.6860 	EXP 	New trial (rep=0, index=1): OrderedDict([('targetX', 0.5), ('cueOri', 180), ('congr', 1), ('corrAns', 'right')])
8.6880 	DATA 	Keypress: left
8.6974 	EXP 	fixation: autoDraw = False
8.6974 	EXP 	cue: autoDraw = False
8.6974 	EXP 	target: autoDraw = False
8.6974 	EXP 	cue: ori = 180.0
8.6974 	EXP 	target: pos = array([0.5, 0. ])
8.6974 	EXP 	fixation: autoDraw = True
9.6807 	EXP 	cue: autoDraw = True
9.6974 	EXP 	fixation: autoDraw = False
10.1807 	EXP 	cue: autoDraw = False
10.1807 	EXP 	target: autoDraw = True
10.4527 	DATA 	Keypress: right
10.4645 	EXP 	fixation: autoDraw = False
10.4645 	EXP 	cue: autoDraw = False
10.4645 	EXP 	target: autoDraw = False
10.5582 	EXP 	window1: mouseVisible = True
