12.3596 	WARNING 	User requested fullscreen with size [1024  768], but screen is actually [1920, 1080]. Using actual size
13.8103 	EXP 	Created window1 = Window(allowGUI=False, allowStencil=False, args=UNKNOWN, autoLog=True, bitsMode=UNKNOWN, blendMode='avg', color=array([0., 0., 0.]), colorSpace='rgb', fullscr=<method-wrapper '__getattribute__' of attributeSetter object at 0x0000017C616BDF28>, gamma=None, gammaErrorPolicy='raise', kwargs=UNKNOWN, lms=UNKNOWN, monitor=<psychopy.monitors.calibTools.Monitor object at 0x0000017C61397BE0>, multiSample=False, name='window1', numSamples=2, pos=[0.0, 0.0], screen=0, size=array([1920, 1080]), stereo=False, units='height', useFBO=True, useRetina=False, viewOri=0.0, viewPos=None, viewScale=None, waitBlanking=True, winType='pyglet')
13.8103 	EXP 	window1: recordFrameIntervals = False
13.9765 	EXP 	window1: recordFrameIntervals = True
14.1594 	EXP 	window1: recordFrameIntervals = False
14.5955 	EXP 	Created fixation = TextStim(__class__=<class 'psychopy.visual.text.TextStim'>, alignHoriz='center', alignVert='center', antialias=True, autoLog=True, bold=False, color='white', colorSpace='named', contrast=1.0, depth=0.0, flipHoriz=False, flipVert=False, font='Arial', fontFiles=[], height=0.1, italic=False, languageStyle='LTR', name='fixation', opacity=1.0, ori=0, pos=array([0., 0.]), rgb=array([255., 255., 255.]), text='+', units='height', win=Window(...), wrapWidth=1)
14.6921 	EXP 	Created cue = ImageStim(__class__=<class 'psychopy.visual.image.ImageStim'>, autoLog=True, color=array([1., 1., 1.]), colorSpace='rgb', contrast=1.0, depth=-1.0, flipHoriz=False, flipVert=False, image='images/arrow-left.png', interpolate=True, mask=None, maskParams=None, name='cue', opacity=1.0, ori=1.0, pos=array([0., 0.]), size=array([0.2, 0.2]), texRes=128, units='height', win=Window(...))
14.7194 	EXP 	Created target = ImageStim(__class__=<class 'psychopy.visual.image.ImageStim'>, autoLog=True, color=array([1., 1., 1.]), colorSpace='rgb', contrast=1.0, depth=-2.0, flipHoriz=False, flipVert=False, image='images/circle_red.png', interpolate=True, mask=None, maskParams=None, name='target', opacity=1.0, ori=0.0, pos=array([0., 0.]), size=array([0.2, 0.2]), texRes=128, units='height', win=Window(...))
14.7981 	EXP 	Imported conditions.csv as conditions, 2 conditions, 4 params
14.7986 	EXP 	Created sequence: random, trialTypes=2, nReps=1, seed=None
14.7990 	EXP 	New trial (rep=0, index=0): OrderedDict([('targetX', 0.5), ('cueOri', 180), ('congr', 1), ('corrAns', 'right')])
14.8938 	EXP 	cue: ori = 180.0
14.8938 	EXP 	target: pos = array([0.5, 0. ])
14.8938 	EXP 	fixation: autoDraw = True
15.7930 	EXP 	cue: autoDraw = True
15.9100 	EXP 	fixation: autoDraw = False
16.2930 	EXP 	cue: autoDraw = False
16.2930 	EXP 	target: autoDraw = True
17.1651 	EXP 	New trial (rep=0, index=1): OrderedDict([('targetX', -0.5), ('cueOri', 0), ('congr', 1), ('corrAns', 'left')])
17.1679 	DATA 	Keypress: right
17.1772 	EXP 	fixation: autoDraw = False
17.1772 	EXP 	cue: autoDraw = False
17.1772 	EXP 	target: autoDraw = False
17.1772 	EXP 	cue: ori = 0.0
17.1772 	EXP 	target: pos = array([-0.5,  0. ])
17.1772 	EXP 	fixation: autoDraw = True
18.1594 	EXP 	cue: autoDraw = True
18.1935 	EXP 	fixation: autoDraw = False
18.6610 	EXP 	cue: autoDraw = False
18.6610 	EXP 	target: autoDraw = True
18.9156 	DATA 	Keypress: left
18.9279 	EXP 	fixation: autoDraw = False
18.9279 	EXP 	cue: autoDraw = False
18.9279 	EXP 	target: autoDraw = False
18.9656 	EXP 	window1: mouseVisible = True
