5.1152 	WARNING 	User requested fullscreen with size [1024  768], but screen is actually [1920, 1080]. Using actual size
6.0492 	EXP 	Created window1 = Window(allowGUI=False, allowStencil=False, args=UNKNOWN, autoLog=True, bitsMode=UNKNOWN, blendMode='avg', color=array([0., 0., 0.]), colorSpace='rgb', fullscr=<method-wrapper '__getattribute__' of attributeSetter object at 0x00000170413D76D8>, gamma=None, gammaErrorPolicy='raise', kwargs=UNKNOWN, lms=UNKNOWN, monitor=<psychopy.monitors.calibTools.Monitor object at 0x0000017041267E48>, multiSample=False, name='window1', numSamples=2, pos=[0.0, 0.0], screen=0, size=array([1920, 1080]), stereo=False, units='height', useFBO=True, useRetina=False, viewOri=0.0, viewPos=None, viewScale=None, waitBlanking=True, winType='pyglet')
6.0492 	EXP 	window1: recordFrameIntervals = False
6.2148 	EXP 	window1: recordFrameIntervals = True
6.3984 	EXP 	window1: recordFrameIntervals = False
6.5845 	EXP 	Created fixation = TextStim(__class__=<class 'psychopy.visual.text.TextStim'>, alignHoriz='center', alignVert='center', antialias=True, autoLog=True, bold=False, color='white', colorSpace='named', contrast=1.0, depth=0.0, flipHoriz=False, flipVert=False, font='Arial', fontFiles=[], height=0.1, italic=False, languageStyle='LTR', name='fixation', opacity=1.0, ori=0, pos=array([0., 0.]), rgb=array([255., 255., 255.]), text='+', units='height', win=Window(...), wrapWidth=1)
6.5879 	EXP 	Created cue = ImageStim(__class__=<class 'psychopy.visual.image.ImageStim'>, autoLog=True, color=array([1., 1., 1.]), colorSpace='rgb', contrast=1.0, depth=-1.0, flipHoriz=False, flipVert=False, image='images/arrow-left.png', interpolate=True, mask=None, maskParams=None, name='cue', opacity=1.0, ori=1.0, pos=array([0., 0.]), size=array([0.2, 0.2]), texRes=128, units='height', win=Window(...))
6.5902 	EXP 	Created target = ImageStim(__class__=<class 'psychopy.visual.image.ImageStim'>, autoLog=True, color=array([1., 1., 1.]), colorSpace='rgb', contrast=1.0, depth=-2.0, flipHoriz=False, flipVert=False, image='images/circle_red.png', interpolate=True, mask=None, maskParams=None, name='target', opacity=1.0, ori=0.0, pos=array([0., 0.]), size=array([0.2, 0.2]), texRes=128, units='height', win=Window(...))
6.5904 	EXP 	Created sequence: random, trialTypes=2, nReps=1, seed=None
6.5907 	EXP 	New trial (rep=0, index=0): OrderedDict([('targetX', -0.5), ('cueOri', 0), ('congr', 1), ('corrAns', 'left')])
6.6849 	EXP 	cue: ori = 0.0
6.6849 	EXP 	target: pos = array([-0.5,  0. ])
6.6849 	EXP 	fixation: autoDraw = True
7.5982 	EXP 	cue: autoDraw = True
7.6982 	EXP 	fixation: autoDraw = False
8.0981 	EXP 	cue: autoDraw = False
8.0981 	EXP 	target: autoDraw = True
9.3040 	EXP 	New trial (rep=0, index=1): OrderedDict([('targetX', 0.5), ('cueOri', 180), ('congr', 1), ('corrAns', 'right')])
9.3067 	DATA 	Keypress: left
9.3147 	EXP 	fixation: autoDraw = False
9.3147 	EXP 	cue: autoDraw = False
9.3147 	EXP 	target: autoDraw = False
9.3147 	EXP 	cue: ori = 180.0
9.3147 	EXP 	target: pos = array([0.5, 0. ])
9.3147 	EXP 	fixation: autoDraw = True
10.2979 	EXP 	cue: autoDraw = True
10.3145 	EXP 	fixation: autoDraw = False
10.7979 	EXP 	cue: autoDraw = False
10.7979 	EXP 	target: autoDraw = True
11.1023 	DATA 	Keypress: right
11.1153 	EXP 	fixation: autoDraw = False
11.1153 	EXP 	cue: autoDraw = False
11.1153 	EXP 	target: autoDraw = False
11.1512 	EXP 	window1: mouseVisible = True
