8.7070 	WARNING 	User requested fullscreen with size [1024  768], but screen is actually [1920, 1080]. Using actual size
10.0865 	EXP 	Created window1 = Window(allowGUI=False, allowStencil=False, args=UNKNOWN, autoLog=True, bitsMode=UNKNOWN, blendMode='avg', color=array([0., 0., 0.]), colorSpace='rgb', fullscr=<method-wrapper '__getattribute__' of attributeSetter object at 0x000001FD92381F28>, gamma=None, gammaErrorPolicy='raise', kwargs=UNKNOWN, lms=UNKNOWN, monitor=<psychopy.monitors.calibTools.Monitor object at 0x000001FD92049BE0>, multiSample=False, name='window1', numSamples=2, pos=[0.0, 0.0], screen=0, size=array([1920, 1080]), stereo=False, units='height', useFBO=True, useRetina=False, viewOri=0.0, viewPos=None, viewScale=None, waitBlanking=True, winType='pyglet')
10.0866 	EXP 	window1: recordFrameIntervals = False
10.2525 	EXP 	window1: recordFrameIntervals = True
10.4360 	EXP 	window1: recordFrameIntervals = False
10.7422 	EXP 	Created fixation = TextStim(__class__=<class 'psychopy.visual.text.TextStim'>, alignHoriz='center', alignVert='center', antialias=True, autoLog=True, bold=False, color='white', colorSpace='named', contrast=1.0, depth=0.0, flipHoriz=False, flipVert=False, font='Arial', fontFiles=[], height=0.1, italic=False, languageStyle='LTR', name='fixation', opacity=1.0, ori=0, pos=array([0., 0.]), rgb=array([255., 255., 255.]), text='+', units='height', win=Window(...), wrapWidth=1)
10.7460 	EXP 	Created cue = ImageStim(__class__=<class 'psychopy.visual.image.ImageStim'>, autoLog=True, color=array([1., 1., 1.]), colorSpace='rgb', contrast=1.0, depth=-1.0, flipHoriz=False, flipVert=False, image='images/arrow-left.png', interpolate=True, mask=None, maskParams=None, name='cue', opacity=1.0, ori=1.0, pos=array([0., 0.]), size=array([0.2, 0.2]), texRes=128, units='height', win=Window(...))
10.7487 	EXP 	Created target = ImageStim(__class__=<class 'psychopy.visual.image.ImageStim'>, autoLog=True, color=array([1., 1., 1.]), colorSpace='rgb', contrast=1.0, depth=-2.0, flipHoriz=False, flipVert=False, image='images/circle_red.png', interpolate=True, mask=None, maskParams=None, name='target', opacity=1.0, ori=0.0, pos=array([0., 0.]), size=array([0.2, 0.2]), texRes=128, units='height', win=Window(...))
10.8182 	EXP 	Imported conditions.csv as conditions, 2 conditions, 4 params
10.8184 	EXP 	Created sequence: random, trialTypes=2, nReps=1, seed=None
10.8187 	EXP 	New trial (rep=0, index=0): OrderedDict([('targetX', -0.5), ('cueOri', 0), ('congr', 1), ('corrAns', 'left')])
10.9089 	EXP 	cue: ori = 0.0
10.9089 	EXP 	target: pos = array([-0.5,  0. ])
10.9089 	EXP 	fixation: autoDraw = True
11.8189 	EXP 	cue: autoDraw = True
11.9187 	EXP 	fixation: autoDraw = False
12.3189 	EXP 	cue: autoDraw = False
12.3189 	EXP 	target: autoDraw = True
13.7553 	EXP 	New trial (rep=0, index=1): OrderedDict([('targetX', 0.5), ('cueOri', 180), ('congr', 1), ('corrAns', 'right')])
13.7693 	EXP 	fixation: autoDraw = False
13.7693 	EXP 	cue: autoDraw = False
13.7693 	EXP 	target: autoDraw = False
13.7693 	EXP 	cue: ori = 180.0
13.7693 	EXP 	target: pos = array([0.5, 0. ])
13.7693 	EXP 	fixation: autoDraw = True
14.7527 	EXP 	cue: autoDraw = True
14.7693 	EXP 	fixation: autoDraw = False
15.2533 	EXP 	cue: autoDraw = False
15.2533 	EXP 	target: autoDraw = True
16.7534 	EXP 	target: autoDraw = False
16.7534 	EXP 	fixation: autoDraw = False
16.7534 	EXP 	cue: autoDraw = False
16.7534 	EXP 	target: autoDraw = False
16.7856 	EXP 	window1: mouseVisible = True
